TN:
SF:src/config.ts
FNF:0
FNH:0
DA:1,1
LF:1
LH:1
BRDA:2,0,0,1
BRDA:2,0,1,1
BRDA:3,1,0,1
BRDA:3,1,1,1
BRDA:5,2,0,1
BRDA:5,2,1,1
BRDA:6,3,0,1
BRDA:6,3,1,1
BRDA:7,4,0,1
BRDA:7,4,1,0
BRDA:8,5,0,1
BRDA:8,5,1,1
BRDA:10,6,0,1
BRDA:10,6,1,1
BRDA:12,7,0,1
BRDA:12,7,1,0
BRDA:13,8,0,1
BRDA:13,8,1,1
BRDA:14,9,0,1
BRDA:14,9,1,1
BRDA:15,10,0,1
BRDA:15,10,1,1
BRDA:18,11,0,1
BRDA:18,11,1,1
BRDA:19,12,0,1
BRDA:19,12,1,1
BRDA:20,13,0,1
BRDA:20,13,1,1
BRDA:23,14,0,1
BRDA:23,14,1,0
BRDA:24,15,0,1
BRDA:24,15,1,0
BRDA:25,16,0,1
BRDA:25,16,1,0
BRDA:26,17,0,1
BRDA:26,17,1,0
BRDA:27,18,0,1
BRDA:27,18,1,0
BRDA:30,19,0,1
BRDA:30,19,1,1
BRDA:31,20,0,1
BRDA:31,20,1,1
BRDA:32,21,0,1
BRDA:32,21,1,1
BRDA:35,22,0,1
BRDA:35,22,1,1
BRDA:37,23,0,1
BRDA:37,23,1,1
BRDA:38,24,0,1
BRDA:38,24,1,1
BRDA:42,25,0,1
BRDA:42,25,1,1
BRDA:43,26,0,1
BRDA:43,26,1,1
BRDA:44,27,0,1
BRDA:44,27,1,1
BRDA:47,28,0,1
BRDA:47,28,1,1
BRF:58
BRH:51
end_of_record
TN:
SF:src/email.ts
FN:17,sendOtpEmail
FNF:1
FNH:0
FNDA:0,sendOtpEmail
DA:1,0
DA:4,0
DA:17,0
DA:18,0
DA:19,0
DA:21,0
DA:42,0
DA:43,0
DA:45,0
DA:46,0
LF:10
LH:0
BRDA:5,0,0,0
BRDA:5,0,1,0
BRDA:6,1,0,0
BRDA:6,1,1,0
BRDA:8,2,0,0
BRDA:8,2,1,0
BRDA:8,3,0,0
BRDA:8,3,1,0
BRDA:19,4,0,0
BRDA:19,4,1,0
BRF:10
BRH:0
end_of_record
TN:
SF:src/firebase.ts
FNF:0
FNH:0
DA:1,1
DA:3,1
DA:4,1
DA:5,1
DA:6,1
DA:7,1
DA:8,0
DA:10,1
DA:19,1
LF:9
LH:8
BRDA:3,0,0,1
BRDA:7,1,0,0
BRDA:7,2,0,1
BRDA:7,2,1,1
BRDA:7,2,2,1
BRF:5
BRH:4
end_of_record
TN:
SF:src/index.ts
FN:49,(anonymous_10)
FN:82,(anonymous_11)
FN:116,(anonymous_12)
FN:159,(anonymous_13)
FN:167,(anonymous_14)
FN:169,(anonymous_15)
FN:175,(anonymous_16)
FN:177,(anonymous_17)
FN:188,(anonymous_18)
FN:190,(anonymous_19)
FN:204,(anonymous_20)
FN:207,(anonymous_21)
FN:215,(anonymous_22)
FN:229,(anonymous_23)
FN:245,(anonymous_24)
FNF:15
FNH:0
FNDA:0,(anonymous_10)
FNDA:0,(anonymous_11)
FNDA:0,(anonymous_12)
FNDA:0,(anonymous_13)
FNDA:0,(anonymous_14)
FNDA:0,(anonymous_15)
FNDA:0,(anonymous_16)
FNDA:0,(anonymous_17)
FNDA:0,(anonymous_18)
FNDA:0,(anonymous_19)
FNDA:0,(anonymous_20)
FNDA:0,(anonymous_21)
FNDA:0,(anonymous_22)
FNDA:0,(anonymous_23)
FNDA:0,(anonymous_24)
DA:1,0
DA:2,0
DA:3,0
DA:4,0
DA:5,0
DA:6,0
DA:7,0
DA:8,0
DA:9,0
DA:10,0
DA:11,0
DA:12,0
DA:13,0
DA:14,0
DA:15,0
DA:16,0
DA:17,0
DA:18,0
DA:19,0
DA:20,0
DA:21,0
DA:22,0
DA:23,0
DA:24,0
DA:25,0
DA:26,0
DA:27,0
DA:28,0
DA:34,0
DA:35,0
DA:38,0
DA:41,0
DA:49,0
DA:50,0
DA:52,0
DA:55,0
DA:67,0
DA:68,0
DA:69,0
DA:72,0
DA:74,0
DA:75,0
DA:82,0
DA:83,0
DA:85,0
DA:88,0
DA:91,0
DA:96,0
DA:97,0
DA:98,0
DA:99,0
DA:102,0
DA:110,0
DA:113,0
DA:116,0
DA:117,0
DA:125,0
DA:128,0
DA:129,0
DA:130,0
DA:131,0
DA:132,0
DA:133,0
DA:134,0
DA:135,0
DA:136,0
DA:139,0
DA:140,0
DA:141,0
DA:142,0
DA:143,0
DA:144,0
DA:145,0
DA:146,0
DA:147,0
DA:150,0
DA:153,0
DA:156,0
DA:159,0
DA:160,0
DA:164,0
DA:167,0
DA:168,0
DA:169,0
DA:170,0
DA:171,0
DA:175,0
DA:176,0
DA:177,0
DA:178,0
DA:179,0
DA:184,0
DA:185,0
DA:188,0
DA:189,0
DA:190,0
DA:191,0
DA:197,0
DA:199,0
DA:204,0
DA:205,0
DA:206,0
DA:207,0
DA:208,0
DA:210,0
DA:215,0
DA:216,0
DA:217,0
DA:218,0
DA:219,0
DA:221,0
DA:224,0
DA:229,0
DA:230,0
DA:231,0
DA:232,0
DA:234,0
DA:239,0
DA:240,0
DA:245,0
DA:246,0
DA:247,0
LF:122
LH:0
BRDA:44,0,0,0
BRDA:44,0,1,0
BRDA:56,1,0,0
BRDA:56,1,1,0
BRDA:57,2,0,0
BRDA:57,2,1,0
BRDA:58,3,0,0
BRDA:58,3,1,0
BRDA:59,4,0,0
BRDA:59,4,1,0
BRDA:68,5,0,0
BRDA:120,6,0,0
BRDA:120,6,1,0
BRDA:125,7,0,0
BRDA:125,7,1,0
BRDA:218,8,0,0
BRDA:218,8,1,0
BRF:17
BRH:0
end_of_record
TN:
SF:src/jwt.ts
FN:12,signAccessJwt
FN:26,verifyAccessJwt
FNF:2
FNH:0
FNDA:0,signAccessJwt
FNDA:0,verifyAccessJwt
DA:1,0
DA:2,0
DA:12,0
DA:13,0
DA:20,0
DA:26,0
DA:27,0
LF:7
LH:0
BRF:0
BRH:0
end_of_record
TN:
SF:src/migrateUsers.ts
FN:8,migrateUsersToFirebase
FN:14,(anonymous_2)
FN:63,(anonymous_3)
FN:67,(anonymous_4)
FNF:4
FNH:0
FNDA:0,migrateUsersToFirebase
FNDA:0,(anonymous_2)
FNDA:0,(anonymous_3)
FNDA:0,(anonymous_4)
DA:1,0
DA:2,0
DA:9,0
DA:10,0
DA:13,0
DA:14,0
DA:19,0
DA:21,0
DA:22,0
DA:24,0
DA:25,0
DA:27,0
DA:28,0
DA:29,0
DA:30,0
DA:36,0
DA:44,0
DA:45,0
DA:48,0
DA:49,0
DA:53,0
DA:56,0
DA:61,0
DA:62,0
DA:64,0
DA:65,0
DA:68,0
DA:69,0
DA:73,0
LF:29
LH:0
BRDA:39,0,0,0
BRDA:39,0,1,0
BRDA:40,1,0,0
BRDA:40,1,1,0
BRDA:61,2,0,0
BRF:5
BRH:0
end_of_record
TN:
SF:src/redis.ts
FN:10,initializeRedis
FN:77,(anonymous_2)
FN:82,(anonymous_3)
FN:92,(anonymous_4)
FN:119,getRedis
FN:124,isRedisConnected
FN:128,setJson
FN:153,getJson
FNF:8
FNH:0
FNDA:0,initializeRedis
FNDA:0,(anonymous_2)
FNDA:0,(anonymous_3)
FNDA:0,(anonymous_4)
FNDA:0,getRedis
FNDA:0,isRedisConnected
FNDA:0,setJson
FNDA:0,getJson
DA:1,0
DA:2,0
DA:3,0
DA:6,0
DA:7,0
DA:10,0
DA:11,0
DA:13,0
DA:14,0
DA:16,0
DA:17,0
DA:21,0
DA:25,0
DA:33,0
DA:34,0
DA:35,0
DA:41,0
DA:49,0
DA:51,0
DA:52,0
DA:60,0
DA:67,0
DA:69,0
DA:77,0
DA:78,0
DA:79,0
DA:82,0
DA:83,0
DA:89,0
DA:92,0
DA:93,0
DA:94,0
DA:98,0
DA:99,0
DA:106,0
DA:113,0
DA:114,0
DA:119,0
DA:120,0
DA:124,0
DA:125,0
DA:128,0
DA:129,0
DA:130,0
DA:134,0
DA:137,0
DA:138,0
DA:139,0
DA:140,0
DA:142,0
DA:144,0
DA:146,0
DA:153,0
DA:154,0
DA:155,0
DA:159,0
DA:162,0
DA:163,0
DA:164,0
DA:165,0
DA:166,0
DA:167,0
DA:169,0
DA:173,0
LF:64
LH:0
BRDA:16,0,0,0
BRDA:16,1,0,0
BRDA:16,1,1,0
BRDA:33,2,0,0
BRDA:33,2,1,0
BRDA:49,3,0,0
BRDA:49,3,1,0
BRDA:54,4,0,0
BRDA:54,4,1,0
BRDA:55,5,0,0
BRDA:55,5,1,0
BRDA:56,6,0,0
BRDA:56,6,1,0
BRDA:125,7,0,0
BRDA:125,7,1,0
BRDA:129,8,0,0
BRDA:129,9,0,0
BRDA:129,9,1,0
BRDA:139,10,0,0
BRDA:139,10,1,0
BRDA:154,11,0,0
BRDA:154,12,0,0
BRDA:154,12,1,0
BRDA:164,13,0,0
BRF:24
BRH:0
end_of_record
TN:
SF:src/swagger.ts
FNF:0
FNH:0
DA:1,0
LF:1
LH:0
BRF:0
BRH:0
end_of_record
TN:
SF:src/config/database.ts
FN:27,(anonymous_0)
FN:29,(anonymous_1)
FN:36,(anonymous_2)
FN:100,(anonymous_3)
FN:107,(anonymous_4)
FN:114,(anonymous_5)
FN:121,(anonymous_6)
FN:125,(anonymous_7)
FN:145,(anonymous_8)
FN:194,(anonymous_9)
FN:213,(anonymous_10)
FN:236,(anonymous_11)
FN:240,(anonymous_12)
FN:247,(anonymous_13)
FN:277,(anonymous_14)
FN:290,(anonymous_15)
FN:291,(anonymous_16)
FN:311,(anonymous_17)
FN:314,(anonymous_18)
FN:327,(anonymous_19)
FN:331,(anonymous_20)
FN:339,(anonymous_21)
FN:364,(anonymous_22)
FN:377,(anonymous_23)
FN:389,(anonymous_24)
FN:402,(anonymous_25)
FN:402,(anonymous_26)
FN:406,(anonymous_27)
FN:408,(anonymous_28)
FNF:29
FNH:0
FNDA:0,(anonymous_0)
FNDA:0,(anonymous_1)
FNDA:0,(anonymous_2)
FNDA:0,(anonymous_3)
FNDA:0,(anonymous_4)
FNDA:0,(anonymous_5)
FNDA:0,(anonymous_6)
FNDA:0,(anonymous_7)
FNDA:0,(anonymous_8)
FNDA:0,(anonymous_9)
FNDA:0,(anonymous_10)
FNDA:0,(anonymous_11)
FNDA:0,(anonymous_12)
FNDA:0,(anonymous_13)
FNDA:0,(anonymous_14)
FNDA:0,(anonymous_15)
FNDA:0,(anonymous_16)
FNDA:0,(anonymous_17)
FNDA:0,(anonymous_18)
FNDA:0,(anonymous_19)
FNDA:0,(anonymous_20)
FNDA:0,(anonymous_21)
FNDA:0,(anonymous_22)
FNDA:0,(anonymous_23)
FNDA:0,(anonymous_24)
FNDA:0,(anonymous_25)
FNDA:0,(anonymous_26)
FNDA:0,(anonymous_27)
FNDA:0,(anonymous_28)
DA:1,0
DA:2,0
DA:3,0
DA:4,0
DA:5,0
DA:21,0
DA:22,0
DA:23,0
DA:24,0
DA:25,0
DA:30,0
DA:31,0
DA:33,0
DA:37,0
DA:39,0
DA:40,0
DA:41,0
DA:42,0
DA:45,0
DA:54,0
DA:58,0
DA:80,0
DA:81,0
DA:84,0
DA:85,0
DA:87,0
DA:88,0
DA:91,0
DA:94,0
DA:95,0
DA:96,0
DA:101,0
DA:102,0
DA:104,0
DA:108,0
DA:109,0
DA:111,0
DA:115,0
DA:116,0
DA:118,0
DA:122,0
DA:126,0
DA:127,0
DA:128,0
DA:132,0
DA:133,0
DA:134,0
DA:136,0
DA:138,0
DA:139,0
DA:140,0
DA:152,0
DA:153,0
DA:161,0
DA:163,0
DA:164,0
DA:165,0
DA:166,0
DA:167,0
DA:171,0
DA:173,0
DA:177,0
DA:179,0
DA:182,0
DA:183,0
DA:186,0
DA:187,0
DA:190,0
DA:203,0
DA:214,0
DA:215,0
DA:218,0
DA:220,0
DA:222,0
DA:228,0
DA:231,0
DA:232,0
DA:233,0
DA:234,0
DA:241,0
DA:242,0
DA:244,0
DA:251,0
DA:253,0
DA:254,0
DA:255,0
DA:256,0
DA:257,0
DA:259,0
DA:264,0
DA:266,0
DA:268,0
DA:274,0
DA:276,0
DA:277,0
DA:282,0
DA:286,0
DA:291,0
DA:292,0
DA:293,0
DA:295,0
DA:296,0
DA:297,0
DA:298,0
DA:300,0
DA:301,0
DA:305,0
DA:306,0
DA:314,0
DA:315,0
DA:321,0
DA:324,0
DA:325,0
DA:332,0
DA:333,0
DA:335,0
DA:346,0
DA:349,0
DA:350,0
DA:354,0
DA:357,0
DA:358,0
DA:361,0
DA:363,0
DA:364,0
DA:369,0
DA:378,0
DA:380,0
DA:381,0
DA:384,0
DA:385,0
DA:395,0
DA:397,0
DA:398,0
DA:401,0
DA:402,0
DA:404,0
DA:406,0
DA:408,0
DA:410,0
DA:412,0
DA:414,0
DA:420,0
LF:143
LH:0
BRDA:30,0,0,0
BRDA:40,1,0,0
BRDA:40,1,1,0
BRDA:60,2,0,0
BRDA:60,2,1,0
BRDA:61,3,0,0
BRDA:61,3,1,0
BRDA:64,4,0,0
BRDA:64,4,1,0
BRDA:65,5,0,0
BRDA:65,5,1,0
BRDA:101,6,0,0
BRDA:108,7,0,0
BRDA:115,8,0,0
BRDA:127,9,0,0
BRDA:163,10,0,0
BRDA:171,11,0,0
BRDA:177,12,0,0
BRDA:183,13,0,0
BRDA:183,13,1,0
BRDA:183,13,2,0
BRDA:215,14,0,0
BRDA:241,15,0,0
BRDA:270,16,0,0
BRDA:270,16,1,0
BRDA:274,17,0,0
BRDA:286,18,0,0
BRDA:286,18,1,0
BRDA:332,19,0,0
BRDA:341,20,0,0
BRDA:342,21,0,0
BRDA:343,22,0,0
BRDA:357,23,0,0
BRDA:377,24,0,0
BRDA:393,25,0,0
BRDA:404,26,0,0
BRDA:404,26,1,0
BRDA:404,26,2,0
BRDA:404,26,3,0
BRDA:404,26,4,0
BRDA:408,27,0,0
BRDA:408,27,1,0
BRF:42
BRH:0
end_of_record
TN:
SF:src/middleware/authMiddleware.ts
FN:18,authenticateToken
FN:69,(anonymous_1)
FN:301,optionalAuth
FN:340,requireAdmin
FNF:4
FNH:0
FNDA:0,authenticateToken
FNDA:0,(anonymous_1)
FNDA:0,optionalAuth
FNDA:0,requireAdmin
DA:2,0
DA:3,0
DA:4,0
DA:5,0
DA:18,0
DA:23,0
DA:24,0
DA:26,0
DA:27,0
DA:41,0
DA:42,0
DA:48,0
DA:50,0
DA:51,0
DA:58,0
DA:62,0
DA:65,0
DA:69,0
DA:78,0
DA:80,0
DA:96,0
DA:97,0
DA:105,0
DA:109,0
DA:112,0
DA:121,0
DA:127,0
DA:129,0
DA:143,0
DA:144,0
DA:151,0
DA:155,0
DA:159,0
DA:160,0
DA:166,0
DA:167,0
DA:174,0
DA:178,0
DA:182,0
DA:189,0
DA:191,0
DA:192,0
DA:193,0
DA:194,0
DA:196,0
DA:199,0
DA:201,0
DA:202,0
DA:204,0
DA:207,0
DA:210,0
DA:211,0
DA:214,0
DA:231,0
DA:232,0
DA:243,0
DA:247,0
DA:250,0
DA:259,0
DA:266,0
DA:267,0
DA:277,0
DA:279,0
DA:280,0
DA:293,0
DA:301,0
DA:306,0
DA:307,0
DA:308,0
DA:310,0
DA:311,0
DA:313,0
DA:314,0
DA:316,0
DA:317,0
DA:319,0
DA:320,0
DA:331,0
DA:334,0
DA:335,0
DA:340,0
DA:345,0
DA:347,0
DA:348,0
DA:352,0
DA:359,0
LF:86
LH:0
BRDA:35,0,0,0
BRDA:35,0,1,0
BRDA:44,1,0,0
BRDA:44,1,1,0
BRDA:45,2,0,0
BRDA:45,2,1,0
BRDA:48,3,0,0
BRDA:48,3,1,0
BRDA:50,4,0,0
BRDA:55,5,0,0
BRDA:55,5,1,0
BRDA:83,6,0,0
BRDA:83,6,1,0
BRDA:96,7,0,0
BRDA:133,8,0,0
BRDA:133,8,1,0
BRDA:143,9,0,0
BRDA:166,10,0,0
BRDA:196,11,0,0
BRDA:196,12,0,0
BRDA:196,12,1,0
BRDA:199,13,0,0
BRDA:199,13,1,0
BRDA:199,14,0,0
BRDA:199,14,1,0
BRDA:199,14,2,0
BRDA:202,15,0,0
BRDA:202,15,1,0
BRDA:218,16,0,0
BRDA:218,16,1,0
BRDA:223,17,0,0
BRDA:223,17,1,0
BRDA:223,18,0,0
BRDA:223,18,1,0
BRDA:223,19,0,0
BRDA:223,19,1,0
BRDA:231,20,0,0
BRDA:231,21,0,0
BRDA:231,21,1,0
BRDA:231,21,2,0
BRDA:282,22,0,0
BRDA:282,22,1,0
BRDA:308,23,0,0
BRDA:308,23,1,0
BRDA:310,24,0,0
BRDA:313,25,0,0
BRDA:316,26,0,0
BRDA:316,27,0,0
BRDA:316,27,1,0
BRDA:319,28,0,0
BRDA:319,29,0,0
BRDA:319,29,1,0
BRDA:319,29,2,0
BRDA:347,30,0,0
BRF:54
BRH:0
end_of_record
TN:
SF:src/middleware/errorHandler.ts
FN:17,(anonymous_0)
FN:27,(anonymous_1)
FN:36,(anonymous_2)
FN:48,(anonymous_3)
FN:52,(anonymous_4)
FN:57,(anonymous_5)
FN:62,(anonymous_6)
FN:63,(anonymous_7)
FN:69,(anonymous_8)
FN:81,(anonymous_9)
FN:104,(anonymous_10)
FN:144,(anonymous_11)
FN:145,(anonymous_12)
FN:151,(anonymous_13)
FN:157,(anonymous_14)
FN:158,(anonymous_15)
FN:165,(anonymous_16)
FN:166,(anonymous_17)
FNF:18
FNH:0
FNDA:0,(anonymous_0)
FNDA:0,(anonymous_1)
FNDA:0,(anonymous_2)
FNDA:0,(anonymous_3)
FNDA:0,(anonymous_4)
FNDA:0,(anonymous_5)
FNDA:0,(anonymous_6)
FNDA:0,(anonymous_7)
FNDA:0,(anonymous_8)
FNDA:0,(anonymous_9)
FNDA:0,(anonymous_10)
FNDA:0,(anonymous_11)
FNDA:0,(anonymous_12)
FNDA:0,(anonymous_13)
FNDA:0,(anonymous_14)
FNDA:0,(anonymous_15)
FNDA:0,(anonymous_16)
FNDA:0,(anonymous_17)
DA:2,0
DA:12,0
DA:18,0
DA:19,0
DA:20,0
DA:22,0
DA:27,0
DA:28,0
DA:29,0
DA:31,0
DA:32,0
DA:33,0
DA:34,0
DA:35,0
DA:36,0
DA:37,0
DA:38,0
DA:39,0
DA:40,0
DA:41,0
DA:44,0
DA:48,0
DA:49,0
DA:52,0
DA:53,0
DA:57,0
DA:58,0
DA:62,0
DA:63,0
DA:64,0
DA:65,0
DA:69,0
DA:70,0
DA:81,0
DA:83,0
DA:84,0
DA:92,0
DA:94,0
DA:104,0
DA:110,0
DA:111,0
DA:114,0
DA:125,0
DA:126,0
DA:129,0
DA:130,0
DA:131,0
DA:132,0
DA:133,0
DA:136,0
DA:137,0
DA:139,0
DA:144,0
DA:145,0
DA:146,0
DA:151,0
DA:152,0
DA:153,0
DA:157,0
DA:158,0
DA:159,0
DA:160,0
DA:165,0
DA:166,0
DA:167,0
DA:168,0
LF:66
LH:0
BRDA:17,0,0,0
BRDA:17,1,0,0
BRDA:31,2,0,0
BRDA:31,2,1,0
BRDA:35,3,0,0
BRDA:35,3,1,0
BRDA:39,4,0,0
BRDA:70,5,0,0
BRDA:70,5,1,0
BRDA:83,6,0,0
BRDA:83,6,1,0
BRDA:84,7,0,0
BRDA:84,7,1,0
BRDA:88,8,0,0
BRDA:88,8,1,0
BRDA:98,9,0,0
BRDA:98,9,1,0
BRDA:110,10,0,0
BRDA:110,10,1,0
BRDA:111,11,0,0
BRDA:111,11,1,0
BRDA:129,12,0,0
BRDA:130,13,0,0
BRDA:131,14,0,0
BRDA:132,15,0,0
BRDA:133,16,0,0
BRDA:136,17,0,0
BRDA:136,17,1,0
BRF:28
BRH:0
end_of_record
TN:
SF:src/middleware/rateLimitMiddleware.ts
FN:104,cleanupRateLimits
FNF:1
FNH:0
FNDA:0,cleanupRateLimits
DA:1,0
DA:2,0
DA:5,0
DA:104,0
DA:108,0
LF:5
LH:0
BRF:0
BRH:0
end_of_record
TN:
SF:src/middleware/rateLimiter.ts
FN:22,(anonymous_0)
FN:24,(anonymous_1)
FN:31,(anonymous_2)
FN:32,(anonymous_3)
FN:89,(anonymous_4)
FN:97,(anonymous_5)
FN:98,(anonymous_6)
FN:148,(anonymous_7)
FN:149,(anonymous_8)
FN:205,(anonymous_9)
FN:218,(anonymous_10)
FN:231,(anonymous_11)
FN:271,(anonymous_12)
FN:278,(anonymous_13)
FN:288,(anonymous_14)
FN:312,(anonymous_15)
FNF:16
FNH:0
FNDA:0,(anonymous_0)
FNDA:0,(anonymous_1)
FNDA:0,(anonymous_2)
FNDA:0,(anonymous_3)
FNDA:0,(anonymous_4)
FNDA:0,(anonymous_5)
FNDA:0,(anonymous_6)
FNDA:0,(anonymous_7)
FNDA:0,(anonymous_8)
FNDA:0,(anonymous_9)
FNDA:0,(anonymous_10)
FNDA:0,(anonymous_11)
FNDA:0,(anonymous_12)
FNDA:0,(anonymous_13)
FNDA:0,(anonymous_14)
FNDA:0,(anonymous_15)
DA:3,0
DA:4,0
DA:25,0
DA:26,0
DA:28,0
DA:32,0
DA:33,0
DA:35,0
DA:36,0
DA:40,0
DA:41,0
DA:44,0
DA:47,0
DA:48,0
DA:58,0
DA:70,0
DA:71,0
DA:74,0
DA:80,0
DA:82,0
DA:84,0
DA:91,0
DA:92,0
DA:93,0
DA:98,0
DA:99,0
DA:100,0
DA:101,0
DA:102,0
DA:105,0
DA:106,0
DA:108,0
DA:110,0
DA:111,0
DA:119,0
DA:130,0
DA:131,0
DA:133,0
DA:139,0
DA:141,0
DA:142,0
DA:149,0
DA:150,0
DA:151,0
DA:152,0
DA:153,0
DA:154,0
DA:156,0
DA:158,0
DA:159,0
DA:167,0
DA:178,0
DA:179,0
DA:181,0
DA:187,0
DA:189,0
DA:190,0
DA:196,0
DA:199,0
DA:206,0
DA:207,0
DA:208,0
DA:212,0
DA:219,0
DA:220,0
DA:221,0
DA:225,0
DA:232,0
DA:233,0
DA:234,0
DA:238,0
DA:246,0
DA:254,0
DA:262,0
DA:271,0
DA:272,0
DA:279,0
DA:280,0
DA:281,0
DA:282,0
DA:288,0
DA:289,0
DA:290,0
DA:299,0
DA:300,0
DA:301,0
DA:302,0
DA:305,0
DA:307,0
DA:312,0
DA:313,0
DA:323,0
LF:92
LH:0
BRDA:25,0,0,0
BRDA:35,1,0,0
BRDA:35,2,0,0
BRDA:35,2,1,0
BRDA:40,3,0,0
BRDA:40,3,1,0
BRDA:44,4,0,0
BRDA:44,4,1,0
BRDA:47,5,0,0
BRDA:91,6,0,0
BRDA:91,6,1,0
BRDA:91,6,2,0
BRDA:92,7,0,0
BRDA:92,7,1,0
BRDA:101,8,0,0
BRDA:108,9,0,0
BRDA:108,9,1,0
BRDA:110,10,0,0
BRDA:151,11,0,0
BRDA:151,11,1,0
BRDA:156,12,0,0
BRDA:156,12,1,0
BRDA:158,13,0,0
BRDA:206,14,0,0
BRDA:206,14,1,0
BRDA:206,14,2,0
BRDA:207,15,0,0
BRDA:207,15,1,0
BRDA:219,16,0,0
BRDA:219,16,1,0
BRDA:219,16,2,0
BRDA:220,17,0,0
BRDA:220,17,1,0
BRDA:232,18,0,0
BRDA:232,18,1,0
BRDA:232,18,2,0
BRDA:233,19,0,0
BRDA:233,19,1,0
BRDA:280,20,0,0
BRDA:280,20,1,0
BRDA:281,21,0,0
BRDA:281,21,1,0
BRF:42
BRH:0
end_of_record
TN:
SF:src/middleware/validationMiddleware.ts
FN:7,(anonymous_0)
FN:8,(anonymous_1)
FN:17,(anonymous_2)
FN:200,(anonymous_3)
FN:201,(anonymous_4)
FN:210,(anonymous_5)
FN:229,(anonymous_6)
FN:230,(anonymous_7)
FN:239,(anonymous_8)
FNF:9
FNH:0
FNDA:0,(anonymous_0)
FNDA:0,(anonymous_1)
FNDA:0,(anonymous_2)
FNDA:0,(anonymous_3)
FNDA:0,(anonymous_4)
FNDA:0,(anonymous_5)
FNDA:0,(anonymous_6)
FNDA:0,(anonymous_7)
FNDA:0,(anonymous_8)
DA:2,0
DA:7,0
DA:8,0
DA:9,0
DA:10,0
DA:11,0
DA:13,0
DA:14,0
DA:17,0
DA:22,0
DA:25,0
DA:36,0
DA:98,0
DA:158,0
DA:190,0
DA:200,0
DA:201,0
DA:202,0
DA:203,0
DA:204,0
DA:206,0
DA:207,0
DA:210,0
DA:215,0
DA:218,0
DA:229,0
DA:230,0
DA:231,0
DA:232,0
DA:233,0
DA:235,0
DA:236,0
DA:239,0
DA:244,0
DA:247,0
LF:35
LH:0
BRDA:13,0,0,0
BRDA:206,1,0,0
BRDA:235,2,0,0
BRF:3
BRH:0
end_of_record
TN:
SF:src/routes/apple.ts
FN:17,createAppleAuthRouter
FN:22,(anonymous_11)
FN:48,(anonymous_12)
FN:56,(anonymous_13)
FN:170,generateAppleClientSecret
FN:192,base64url
FNF:6
FNH:0
FNDA:0,createAppleAuthRouter
FNDA:0,(anonymous_11)
FNDA:0,(anonymous_12)
FNDA:0,(anonymous_13)
FNDA:0,generateAppleClientSecret
FNDA:0,base64url
DA:1,0
DA:2,0
DA:3,0
DA:5,0
DA:6,0
DA:9,0
DA:10,0
DA:11,0
DA:12,0
DA:13,0
DA:14,0
DA:15,0
DA:17,0
DA:18,0
DA:20,0
DA:23,0
DA:24,0
DA:26,0
DA:27,0
DA:30,0
DA:32,0
DA:41,0
DA:48,0
DA:49,0
DA:50,0
DA:51,0
DA:54,0
DA:57,0
DA:58,0
DA:59,0
DA:62,0
DA:63,0
DA:64,0
DA:67,0
DA:69,0
DA:81,0
DA:84,0
DA:85,0
DA:86,0
DA:88,0
DA:90,0
DA:91,0
DA:94,0
DA:96,0
DA:98,0
DA:101,0
DA:107,0
DA:114,0
DA:123,0
DA:133,0
DA:135,0
DA:150,0
DA:152,0
DA:155,0
DA:162,0
DA:167,0
DA:171,0
DA:173,0
DA:181,0
DA:186,0
DA:193,0
DA:194,0
LF:62
LH:0
BRDA:23,0,0,0
BRDA:23,0,1,0
BRDA:24,1,0,0
BRDA:50,2,0,0
BRDA:58,3,0,0
BRDA:58,4,0,0
BRDA:58,4,1,0
BRDA:63,5,0,0
BRDA:63,6,0,0
BRDA:63,6,1,0
BRDA:86,7,0,0
BRDA:86,7,1,0
BRDA:88,8,0,0
BRDA:90,9,0,0
BRDA:90,9,1,0
BRDA:96,10,0,0
BRDA:96,10,1,0
BRDA:156,11,0,0
BRDA:156,11,1,0
BRDA:159,12,0,0
BRDA:159,12,1,0
BRDA:193,13,0,0
BRDA:193,13,1,0
BRF:23
BRH:0
end_of_record
TN:
SF:src/routes/auth.ts
FN:18,createAuthRouter
FN:25,(anonymous_2)
FN:94,(anonymous_3)
FN:207,(anonymous_4)
FN:274,(anonymous_5)
FN:306,(anonymous_6)
FN:335,(anonymous_7)
FN:368,(anonymous_8)
FN:433,(anonymous_9)
FN:458,(anonymous_10)
FN:543,(anonymous_11)
FN:651,sha256
FNF:12
FNH:0
FNDA:0,createAuthRouter
FNDA:0,(anonymous_2)
FNDA:0,(anonymous_3)
FNDA:0,(anonymous_4)
FNDA:0,(anonymous_5)
FNDA:0,(anonymous_6)
FNDA:0,(anonymous_7)
FNDA:0,(anonymous_8)
FNDA:0,(anonymous_9)
FNDA:0,(anonymous_10)
FNDA:0,(anonymous_11)
FNDA:0,sha256
DA:1,0
DA:2,0
DA:3,0
DA:4,0
DA:5,0
DA:6,0
DA:7,0
DA:9,0
DA:10,0
DA:11,0
DA:12,0
DA:13,0
DA:14,0
DA:15,0
DA:16,0
DA:18,0
DA:19,0
DA:22,0
DA:26,0
DA:27,0
DA:28,0
DA:29,0
DA:32,0
DA:33,0
DA:40,0
DA:47,0
DA:50,0
DA:59,0
DA:68,0
DA:79,0
DA:81,0
DA:82,0
DA:91,0
DA:95,0
DA:96,0
DA:97,0
DA:98,0
DA:101,0
DA:102,0
DA:103,0
DA:110,0
DA:117,0
DA:118,0
DA:126,0
DA:133,0
DA:134,0
DA:135,0
DA:136,0
DA:144,0
DA:151,0
DA:154,0
DA:155,0
DA:156,0
DA:158,0
DA:163,0
DA:172,0
DA:181,0
DA:192,0
DA:194,0
DA:195,0
DA:204,0
DA:208,0
DA:209,0
DA:210,0
DA:211,0
DA:213,0
DA:214,0
DA:220,0
DA:221,0
DA:228,0
DA:235,0
DA:243,0
DA:245,0
DA:246,0
DA:253,0
DA:258,0
DA:261,0
DA:262,0
DA:271,0
DA:275,0
DA:276,0
DA:277,0
DA:278,0
DA:280,0
DA:282,0
DA:283,0
DA:291,0
DA:293,0
DA:294,0
DA:303,0
DA:307,0
DA:308,0
DA:309,0
DA:310,0
DA:312,0
DA:314,0
DA:321,0
DA:323,0
DA:324,0
DA:333,0
DA:336,0
DA:337,0
DA:338,0
DA:339,0
DA:340,0
DA:346,0
DA:356,0
DA:357,0
DA:366,0
DA:369,0
DA:370,0
DA:371,0
DA:372,0
DA:379,0
DA:380,0
DA:387,0
DA:388,0
DA:389,0
DA:390,0
DA:395,0
DA:396,0
DA:399,0
DA:400,0
DA:401,0
DA:409,0
DA:410,0
DA:412,0
DA:416,0
DA:421,0
DA:422,0
DA:431,0
DA:434,0
DA:435,0
DA:437,0
DA:438,0
DA:445,0
DA:450,0
DA:451,0
DA:458,0
DA:459,0
DA:460,0
DA:461,0
DA:464,0
DA:465,0
DA:467,0
DA:468,0
DA:469,0
DA:475,0
DA:476,0
DA:477,0
DA:484,0
DA:487,0
DA:488,0
DA:495,0
DA:498,0
DA:499,0
DA:500,0
DA:509,0
DA:518,0
DA:529,0
DA:531,0
DA:532,0
DA:541,0
DA:544,0
DA:545,0
DA:547,0
DA:548,0
DA:555,0
DA:556,0
DA:559,0
DA:560,0
DA:565,0
DA:566,0
DA:572,0
DA:573,0
DA:574,0
DA:580,0
DA:581,0
DA:584,0
DA:586,0
DA:588,0
DA:594,0
DA:600,0
DA:607,0
DA:616,0
DA:625,0
DA:636,0
DA:638,0
DA:639,0
DA:647,0
DA:652,0
LF:191
LH:0
BRDA:28,0,0,0
BRDA:28,0,1,0
BRDA:32,1,0,0
BRDA:97,2,0,0
BRDA:97,2,1,0
BRDA:102,3,0,0
BRDA:117,4,0,0
BRDA:134,5,0,0
BRDA:210,6,0,0
BRDA:210,6,1,0
BRDA:220,7,0,0
BRDA:245,8,0,0
BRDA:277,9,0,0
BRDA:277,9,1,0
BRDA:282,10,0,0
BRDA:309,11,0,0
BRDA:309,11,1,0
BRDA:339,12,0,0
BRDA:371,13,0,0
BRDA:379,14,0,0
BRDA:388,15,0,0
BRDA:388,15,1,0
BRDA:389,16,0,0
BRDA:437,17,0,0
BRDA:437,18,0,0
BRDA:437,18,1,0
BRDA:437,18,2,0
BRDA:437,18,3,0
BRDA:437,18,4,0
BRDA:450,19,0,0
BRDA:459,20,0,0
BRDA:459,20,1,0
BRDA:460,21,0,0
BRDA:460,21,1,0
BRDA:467,22,0,0
BRDA:476,23,0,0
BRDA:487,24,0,0
BRDA:498,25,0,0
BRDA:498,25,1,0
BRDA:547,26,0,0
BRDA:547,27,0,0
BRDA:547,27,1,0
BRDA:573,28,0,0
BRDA:573,29,0,0
BRDA:573,29,1,0
BRDA:580,30,0,0
BRDA:580,30,1,0
BRDA:586,31,0,0
BRDA:586,31,1,0
BRDA:590,32,0,0
BRDA:590,32,1,0
BRDA:590,32,2,0
BRDA:590,32,3,0
BRF:53
BRH:0
end_of_record
TN:
SF:src/routes/chat.ts
FN:9,createChatRouter
FN:24,(anonymous_1)
FN:217,(anonymous_2)
FN:285,(anonymous_3)
FN:302,(anonymous_4)
FN:340,(anonymous_5)
FNF:6
FNH:0
FNDA:0,createChatRouter
FNDA:0,(anonymous_1)
FNDA:0,(anonymous_2)
FNDA:0,(anonymous_3)
FNDA:0,(anonymous_4)
FNDA:0,(anonymous_5)
DA:1,0
DA:2,0
DA:3,0
DA:4,0
DA:5,0
DA:6,0
DA:7,0
DA:9,0
DA:10,0
DA:12,0
DA:13,0
DA:14,0
DA:15,0
DA:16,0
DA:17,0
DA:20,0
DA:25,0
DA:26,0
DA:27,0
DA:28,0
DA:30,0
DA:46,0
DA:47,0
DA:55,0
DA:67,0
DA:69,0
DA:80,0
DA:81,0
DA:92,0
DA:100,0
DA:106,0
DA:115,0
DA:116,0
DA:124,0
DA:126,0
DA:136,0
DA:143,0
DA:154,0
DA:155,0
DA:165,0
DA:167,0
DA:176,0
DA:180,0
DA:181,0
DA:192,0
DA:204,0
DA:213,0
DA:218,0
DA:219,0
DA:221,0
DA:222,0
DA:228,0
DA:230,0
DA:231,0
DA:240,0
DA:245,0
DA:247,0
DA:253,0
DA:257,0
DA:263,0
DA:273,0
DA:282,0
DA:286,0
DA:287,0
DA:289,0
DA:290,0
DA:297,0
DA:299,0
DA:300,0
DA:302,0
DA:307,0
DA:314,0
DA:321,0
DA:328,0
DA:337,0
DA:341,0
DA:342,0
DA:344,0
DA:345,0
DA:352,0
DA:355,0
DA:356,0
DA:358,0
DA:359,0
DA:367,0
DA:377,0
DA:383,0
DA:390,0
DA:396,0
DA:405,0
DA:413,0
LF:91
LH:0
BRDA:37,0,0,0
BRDA:37,0,1,0
BRDA:63,1,0,0
BRDA:63,1,1,0
BRDA:80,2,0,0
BRDA:80,2,1,0
BRDA:80,3,0,0
BRDA:80,3,1,0
BRDA:87,4,0,0
BRDA:87,4,1,0
BRDA:115,5,0,0
BRDA:230,6,0,0
BRDA:230,6,1,0
BRDA:361,7,0,0
BRDA:361,7,1,0
BRDA:372,8,0,0
BRDA:372,8,1,0
BRF:17
BRH:0
end_of_record
TN:
SF:src/routes/emailOtp.ts
FN:9,createEmailOtpRouter
FN:12,(anonymous_1)
FN:30,(anonymous_2)
FN:95,sha256
FN:98,addDays
FN:103,base64url
FNF:6
FNH:0
FNDA:0,createEmailOtpRouter
FNDA:0,(anonymous_1)
FNDA:0,(anonymous_2)
FNDA:0,sha256
FNDA:0,addDays
FNDA:0,base64url
DA:1,0
DA:2,0
DA:3,0
DA:4,0
DA:5,0
DA:6,0
DA:7,0
DA:9,0
DA:10,0
DA:12,0
DA:13,0
DA:14,0
DA:15,0
DA:16,0
DA:17,0
DA:18,0
DA:19,0
DA:21,0
DA:22,0
DA:23,0
DA:24,0
DA:25,0
DA:27,0
DA:30,0
DA:31,0
DA:32,0
DA:33,0
DA:39,0
DA:40,0
DA:41,0
DA:42,0
DA:43,0
DA:44,0
DA:45,0
DA:49,0
DA:50,0
DA:51,0
DA:52,0
DA:53,0
DA:55,0
DA:60,0
DA:66,0
DA:67,0
DA:68,0
DA:69,0
DA:71,0
DA:74,0
DA:75,0
DA:76,0
DA:83,0
DA:84,0
DA:92,0
DA:96,0
DA:99,0
DA:100,0
DA:101,0
DA:104,0
LF:57
LH:0
BRDA:13,0,0,0
BRDA:13,0,1,0
BRDA:14,1,0,0
BRDA:16,2,0,0
BRDA:16,2,1,0
BRDA:17,3,0,0
BRDA:31,4,0,0
BRDA:31,4,1,0
BRDA:32,5,0,0
BRDA:32,6,0,0
BRDA:32,6,1,0
BRDA:32,6,2,0
BRDA:39,7,0,0
BRDA:42,8,0,0
BRDA:44,9,0,0
BRDA:50,10,0,0
BRDA:50,10,1,0
BRDA:66,11,0,0
BRDA:66,11,1,0
BRDA:68,12,0,0
BRDA:68,12,1,0
BRF:21
BRH:0
end_of_record
TN:
SF:src/routes/google.ts
FN:16,createGoogleAuthRouter
FN:21,(anonymous_2)
FN:60,(anonymous_3)
FN:82,(anonymous_4)
FN:195,base64url
FN:200,sha256
FN:204,addDays
FNF:7
FNH:0
FNDA:0,createGoogleAuthRouter
FNDA:0,(anonymous_2)
FNDA:0,(anonymous_3)
FNDA:0,(anonymous_4)
FNDA:0,base64url
FNDA:0,sha256
FNDA:0,addDays
DA:1,0
DA:2,0
DA:3,0
DA:4,0
DA:5,0
DA:6,0
DA:9,0
DA:10,0
DA:11,0
DA:12,0
DA:13,0
DA:14,0
DA:16,0
DA:17,0
DA:19,0
DA:22,0
DA:23,0
DA:28,0
DA:29,0
DA:30,0
DA:31,0
DA:34,0
DA:35,0
DA:37,0
DA:38,0
DA:40,0
DA:48,0
DA:49,0
DA:51,0
DA:53,0
DA:54,0
DA:55,0
DA:60,0
DA:61,0
DA:62,0
DA:63,0
DA:64,0
DA:66,0
DA:67,0
DA:68,0
DA:71,0
DA:72,0
DA:74,0
DA:75,0
DA:76,0
DA:80,0
DA:83,0
DA:84,0
DA:85,0
DA:87,0
DA:88,0
DA:89,0
DA:91,0
DA:92,0
DA:103,0
DA:104,0
DA:107,0
DA:108,0
DA:109,0
DA:110,0
DA:112,0
DA:113,0
DA:116,0
DA:118,0
DA:120,0
DA:126,0
DA:132,0
DA:139,0
DA:148,0
DA:158,0
DA:160,0
DA:175,0
DA:177,0
DA:180,0
DA:187,0
DA:192,0
DA:196,0
DA:197,0
DA:201,0
DA:205,0
DA:206,0
DA:207,0
LF:82
LH:0
BRDA:28,0,0,0
BRDA:28,0,1,0
BRDA:29,1,0,0
BRDA:66,2,0,0
BRDA:66,3,0,0
BRDA:66,3,1,0
BRDA:84,4,0,0
BRDA:84,5,0,0
BRDA:84,5,1,0
BRDA:88,6,0,0
BRDA:88,7,0,0
BRDA:88,7,1,0
BRDA:110,8,0,0
BRDA:112,9,0,0
BRDA:112,9,1,0
BRDA:118,10,0,0
BRDA:118,10,1,0
BRDA:122,11,0,0
BRDA:122,11,1,0
BRDA:122,11,2,0
BRDA:181,12,0,0
BRDA:181,12,1,0
BRDA:184,13,0,0
BRDA:184,13,1,0
BRDA:196,14,0,0
BRDA:196,14,1,0
BRF:26
BRH:0
end_of_record
TN:
SF:src/routes/notifications.ts
FN:45,(anonymous_0)
FN:87,(anonymous_1)
FN:125,(anonymous_2)
FN:179,(anonymous_3)
FN:227,(anonymous_4)
FN:292,(anonymous_5)
FN:380,(anonymous_6)
FN:444,(anonymous_7)
FN:515,(anonymous_8)
FN:548,(anonymous_9)
FNF:10
FNH:0
FNDA:0,(anonymous_0)
FNDA:0,(anonymous_1)
FNDA:0,(anonymous_2)
FNDA:0,(anonymous_3)
FNDA:0,(anonymous_4)
FNDA:0,(anonymous_5)
FNDA:0,(anonymous_6)
FNDA:0,(anonymous_7)
FNDA:0,(anonymous_8)
FNDA:0,(anonymous_9)
DA:1,0
DA:2,0
DA:3,0
DA:4,0
DA:5,0
DA:6,0
DA:8,0
DA:11,0
DA:17,0
DA:29,0
DA:42,0
DA:46,0
DA:47,0
DA:48,0
DA:50,0
DA:51,0
DA:57,0
DA:64,0
DA:66,0
DA:72,0
DA:73,0
DA:85,0
DA:88,0
DA:89,0
DA:90,0
DA:92,0
DA:93,0
DA:99,0
DA:101,0
DA:103,0
DA:109,0
DA:110,0
DA:122,0
DA:126,0
DA:127,0
DA:128,0
DA:130,0
DA:131,0
DA:137,0
DA:139,0
DA:140,0
DA:147,0
DA:148,0
DA:154,0
DA:163,0
DA:164,0
DA:176,0
DA:180,0
DA:181,0
DA:182,0
DA:184,0
DA:185,0
DA:191,0
DA:196,0
DA:202,0
DA:212,0
DA:213,0
DA:225,0
DA:228,0
DA:229,0
DA:230,0
DA:232,0
DA:233,0
DA:239,0
DA:240,0
DA:246,0
DA:263,0
DA:265,0
DA:271,0
DA:277,0
DA:278,0
DA:290,0
DA:293,0
DA:294,0
DA:295,0
DA:297,0
DA:298,0
DA:304,0
DA:305,0
DA:313,0
DA:314,0
DA:328,0
DA:329,0
DA:344,0
DA:350,0
DA:352,0
DA:359,0
DA:365,0
DA:366,0
DA:378,0
DA:381,0
DA:382,0
DA:383,0
DA:385,0
DA:386,0
DA:392,0
DA:393,0
DA:399,0
DA:414,0
DA:416,0
DA:423,0
DA:429,0
DA:430,0
DA:442,0
DA:445,0
DA:446,0
DA:447,0
DA:449,0
DA:450,0
DA:456,0
DA:457,0
DA:463,0
DA:476,0
DA:477,0
DA:478,0
DA:484,0
DA:485,0
DA:491,0
DA:500,0
DA:501,0
DA:513,0
DA:516,0
DA:517,0
DA:519,0
DA:520,0
DA:526,0
DA:528,0
DA:533,0
DA:534,0
DA:546,0
DA:549,0
DA:550,0
DA:551,0
DA:553,0
DA:554,0
DA:560,0
DA:562,0
DA:564,0
DA:570,0
DA:571,0
DA:582,0
LF:141
LH:0
BRDA:50,0,0,0
BRDA:92,1,0,0
BRDA:130,2,0,0
BRDA:137,3,0,0
BRDA:137,3,1,0
BRDA:137,4,0,0
BRDA:137,4,1,0
BRDA:158,5,0,0
BRDA:158,5,1,0
BRDA:184,6,0,0
BRDA:232,7,0,0
BRDA:239,8,0,0
BRDA:239,9,0,0
BRDA:239,9,1,0
BRDA:239,9,2,0
BRDA:297,10,0,0
BRDA:304,11,0,0
BRDA:304,12,0,0
BRDA:304,12,1,0
BRDA:304,12,2,0
BRDA:313,13,0,0
BRDA:313,13,1,0
BRDA:328,14,0,0
BRDA:328,14,1,0
BRDA:331,15,0,0
BRDA:331,15,1,0
BRDA:385,16,0,0
BRDA:392,17,0,0
BRDA:392,18,0,0
BRDA:392,18,1,0
BRDA:392,18,2,0
BRDA:449,19,0,0
BRDA:456,20,0,0
BRDA:456,21,0,0
BRDA:456,21,1,0
BRDA:476,22,0,0
BRDA:476,22,1,0
BRDA:476,23,0,0
BRDA:476,23,1,0
BRDA:495,24,0,0
BRDA:495,24,1,0
BRDA:519,25,0,0
BRDA:550,26,0,0
BRDA:553,27,0,0
BRF:44
BRH:0
end_of_record
TN:
SF:src/routes/passwordReset.ts
FN:8,createPasswordResetRouter
FN:15,(anonymous_1)
FN:51,(anonymous_2)
FNF:3
FNH:0
FNDA:0,createPasswordResetRouter
FNDA:0,(anonymous_1)
FNDA:0,(anonymous_2)
DA:1,0
DA:2,0
DA:3,0
DA:4,0
DA:5,0
DA:6,0
DA:8,0
DA:9,0
DA:12,0
DA:16,0
DA:17,0
DA:18,0
DA:19,0
DA:21,0
DA:28,0
DA:38,0
DA:39,0
DA:48,0
DA:52,0
DA:53,0
DA:54,0
DA:55,0
DA:57,0
DA:64,0
DA:65,0
DA:72,0
DA:78,0
DA:82,0
DA:83,0
DA:91,0
LF:30
LH:0
BRDA:18,0,0,0
BRDA:18,0,1,0
BRDA:30,1,0,0
BRDA:30,1,1,0
BRDA:54,2,0,0
BRDA:54,2,1,0
BRDA:64,3,0,0
BRF:7
BRH:0
end_of_record
TN:
SF:src/routes/pdfRead.ts
FN:16,(anonymous_1)
FN:36,createPDFReadRouter
FN:44,(anonymous_3)
FN:90,(anonymous_4)
FN:128,(anonymous_5)
FN:176,(anonymous_6)
FN:213,(anonymous_7)
FN:266,(anonymous_8)
FN:319,(anonymous_9)
FN:372,(anonymous_10)
FN:425,(anonymous_11)
FN:478,(anonymous_12)
FNF:12
FNH:0
FNDA:0,(anonymous_1)
FNDA:0,createPDFReadRouter
FNDA:0,(anonymous_3)
FNDA:0,(anonymous_4)
FNDA:0,(anonymous_5)
FNDA:0,(anonymous_6)
FNDA:0,(anonymous_7)
FNDA:0,(anonymous_8)
FNDA:0,(anonymous_9)
FNDA:0,(anonymous_10)
FNDA:0,(anonymous_11)
FNDA:0,(anonymous_12)
DA:1,0
DA:2,0
DA:3,0
DA:4,0
DA:5,0
DA:6,0
DA:7,0
DA:8,0
DA:11,0
DA:17,0
DA:28,0
DA:29,0
DA:31,0
DA:36,0
DA:37,0
DA:40,0
DA:45,0
DA:46,0
DA:47,0
DA:48,0
DA:54,0
DA:60,0
DA:70,0
DA:71,0
DA:73,0
DA:76,0
DA:77,0
DA:86,0
DA:91,0
DA:92,0
DA:93,0
DA:95,0
DA:98,0
DA:108,0
DA:109,0
DA:111,0
DA:114,0
DA:115,0
DA:124,0
DA:129,0
DA:130,0
DA:131,0
DA:132,0
DA:138,0
DA:145,0
DA:156,0
DA:157,0
DA:159,0
DA:162,0
DA:163,0
DA:172,0
DA:177,0
DA:178,0
DA:179,0
DA:181,0
DA:184,0
DA:193,0
DA:194,0
DA:196,0
DA:199,0
DA:200,0
DA:209,0
DA:214,0
DA:215,0
DA:216,0
DA:217,0
DA:223,0
DA:224,0
DA:230,0
DA:236,0
DA:246,0
DA:247,0
DA:249,0
DA:252,0
DA:253,0
DA:262,0
DA:267,0
DA:268,0
DA:269,0
DA:270,0
DA:276,0
DA:277,0
DA:283,0
DA:289,0
DA:299,0
DA:300,0
DA:302,0
DA:305,0
DA:306,0
DA:315,0
DA:320,0
DA:321,0
DA:322,0
DA:323,0
DA:329,0
DA:330,0
DA:336,0
DA:342,0
DA:352,0
DA:353,0
DA:355,0
DA:358,0
DA:359,0
DA:368,0
DA:373,0
DA:374,0
DA:375,0
DA:376,0
DA:382,0
DA:383,0
DA:389,0
DA:395,0
DA:405,0
DA:406,0
DA:408,0
DA:411,0
DA:412,0
DA:421,0
DA:426,0
DA:427,0
DA:428,0
DA:429,0
DA:435,0
DA:436,0
DA:442,0
DA:448,0
DA:458,0
DA:459,0
DA:461,0
DA:464,0
DA:465,0
DA:474,0
DA:479,0
DA:480,0
DA:481,0
DA:482,0
DA:488,0
DA:489,0
DA:495,0
DA:501,0
DA:511,0
DA:512,0
DA:514,0
DA:517,0
DA:518,0
DA:526,0
LF:146
LH:0
BRDA:28,0,0,0
BRDA:28,0,1,0
BRDA:47,1,0,0
BRDA:70,2,0,0
BRDA:70,2,1,0
BRDA:108,3,0,0
BRDA:108,3,1,0
BRDA:131,4,0,0
BRDA:156,5,0,0
BRDA:156,5,1,0
BRDA:193,6,0,0
BRDA:193,6,1,0
BRDA:216,7,0,0
BRDA:223,8,0,0
BRDA:246,9,0,0
BRDA:246,9,1,0
BRDA:269,10,0,0
BRDA:276,11,0,0
BRDA:299,12,0,0
BRDA:299,12,1,0
BRDA:322,13,0,0
BRDA:329,14,0,0
BRDA:352,15,0,0
BRDA:352,15,1,0
BRDA:375,16,0,0
BRDA:382,17,0,0
BRDA:405,18,0,0
BRDA:405,18,1,0
BRDA:428,19,0,0
BRDA:435,20,0,0
BRDA:458,21,0,0
BRDA:458,21,1,0
BRDA:481,22,0,0
BRDA:488,23,0,0
BRDA:511,24,0,0
BRDA:511,24,1,0
BRF:36
BRH:0
end_of_record
TN:
SF:src/routes/pdfReadExtended.ts
FN:16,(anonymous_1)
FN:37,createPDFReadExtendedRouter
FN:45,(anonymous_3)
FN:82,(anonymous_4)
FN:119,(anonymous_5)
FN:156,(anonymous_6)
FN:193,(anonymous_7)
FN:230,(anonymous_8)
FN:267,(anonymous_9)
FN:304,(anonymous_10)
FN:341,(anonymous_11)
FN:378,(anonymous_12)
FN:415,(anonymous_13)
FN:452,(anonymous_14)
FN:490,(anonymous_15)
FN:528,(anonymous_16)
FN:565,(anonymous_17)
FN:602,(anonymous_18)
FN:639,(anonymous_19)
FN:676,(anonymous_20)
FN:713,(anonymous_21)
FN:750,(anonymous_22)
FN:787,(anonymous_23)
FN:824,(anonymous_24)
FN:876,(anonymous_25)
FN:914,(anonymous_26)
FN:948,(anonymous_27)
FNF:27
FNH:0
FNDA:0,(anonymous_1)
FNDA:0,createPDFReadExtendedRouter
FNDA:0,(anonymous_3)
FNDA:0,(anonymous_4)
FNDA:0,(anonymous_5)
FNDA:0,(anonymous_6)
FNDA:0,(anonymous_7)
FNDA:0,(anonymous_8)
FNDA:0,(anonymous_9)
FNDA:0,(anonymous_10)
FNDA:0,(anonymous_11)
FNDA:0,(anonymous_12)
FNDA:0,(anonymous_13)
FNDA:0,(anonymous_14)
FNDA:0,(anonymous_15)
FNDA:0,(anonymous_16)
FNDA:0,(anonymous_17)
FNDA:0,(anonymous_18)
FNDA:0,(anonymous_19)
FNDA:0,(anonymous_20)
FNDA:0,(anonymous_21)
FNDA:0,(anonymous_22)
FNDA:0,(anonymous_23)
FNDA:0,(anonymous_24)
FNDA:0,(anonymous_25)
FNDA:0,(anonymous_26)
FNDA:0,(anonymous_27)
DA:1,0
DA:2,0
DA:3,0
DA:4,0
DA:5,0
DA:6,0
DA:7,0
DA:8,0
DA:11,0
DA:17,0
DA:29,0
DA:30,0
DA:32,0
DA:37,0
DA:38,0
DA:41,0
DA:46,0
DA:47,0
DA:48,0
DA:50,0
DA:53,0
DA:62,0
DA:63,0
DA:65,0
DA:68,0
DA:69,0
DA:78,0
DA:83,0
DA:84,0
DA:85,0
DA:87,0
DA:90,0
DA:99,0
DA:100,0
DA:102,0
DA:105,0
DA:106,0
DA:115,0
DA:120,0
DA:121,0
DA:122,0
DA:124,0
DA:127,0
DA:136,0
DA:137,0
DA:139,0
DA:142,0
DA:143,0
DA:152,0
DA:157,0
DA:158,0
DA:159,0
DA:161,0
DA:164,0
DA:173,0
DA:174,0
DA:176,0
DA:179,0
DA:180,0
DA:189,0
DA:194,0
DA:195,0
DA:196,0
DA:198,0
DA:201,0
DA:210,0
DA:211,0
DA:213,0
DA:216,0
DA:217,0
DA:226,0
DA:231,0
DA:232,0
DA:233,0
DA:235,0
DA:238,0
DA:247,0
DA:248,0
DA:250,0
DA:253,0
DA:254,0
DA:263,0
DA:268,0
DA:269,0
DA:270,0
DA:272,0
DA:275,0
DA:284,0
DA:285,0
DA:287,0
DA:290,0
DA:291,0
DA:300,0
DA:305,0
DA:306,0
DA:307,0
DA:309,0
DA:312,0
DA:321,0
DA:322,0
DA:324,0
DA:327,0
DA:328,0
DA:337,0
DA:342,0
DA:343,0
DA:344,0
DA:346,0
DA:349,0
DA:358,0
DA:359,0
DA:361,0
DA:364,0
DA:365,0
DA:374,0
DA:379,0
DA:380,0
DA:381,0
DA:383,0
DA:386,0
DA:395,0
DA:396,0
DA:398,0
DA:401,0
DA:402,0
DA:411,0
DA:416,0
DA:417,0
DA:418,0
DA:420,0
DA:423,0
DA:432,0
DA:433,0
DA:435,0
DA:438,0
DA:439,0
DA:448,0
DA:453,0
DA:454,0
DA:455,0
DA:457,0
DA:460,0
DA:470,0
DA:471,0
DA:473,0
DA:476,0
DA:477,0
DA:486,0
DA:491,0
DA:492,0
DA:493,0
DA:495,0
DA:498,0
DA:508,0
DA:509,0
DA:511,0
DA:514,0
DA:515,0
DA:524,0
DA:529,0
DA:530,0
DA:531,0
DA:533,0
DA:536,0
DA:545,0
DA:546,0
DA:548,0
DA:551,0
DA:552,0
DA:561,0
DA:566,0
DA:567,0
DA:568,0
DA:570,0
DA:573,0
DA:582,0
DA:583,0
DA:585,0
DA:588,0
DA:589,0
DA:598,0
DA:603,0
DA:604,0
DA:605,0
DA:607,0
DA:610,0
DA:619,0
DA:620,0
DA:622,0
DA:625,0
DA:626,0
DA:635,0
DA:640,0
DA:641,0
DA:642,0
DA:644,0
DA:647,0
DA:656,0
DA:657,0
DA:659,0
DA:662,0
DA:663,0
DA:672,0
DA:677,0
DA:678,0
DA:679,0
DA:681,0
DA:684,0
DA:693,0
DA:694,0
DA:696,0
DA:699,0
DA:700,0
DA:709,0
DA:714,0
DA:715,0
DA:716,0
DA:718,0
DA:721,0
DA:730,0
DA:731,0
DA:733,0
DA:736,0
DA:737,0
DA:746,0
DA:751,0
DA:752,0
DA:753,0
DA:755,0
DA:758,0
DA:767,0
DA:768,0
DA:770,0
DA:773,0
DA:774,0
DA:783,0
DA:788,0
DA:789,0
DA:790,0
DA:792,0
DA:795,0
DA:804,0
DA:805,0
DA:807,0
DA:810,0
DA:811,0
DA:820,0
DA:825,0
DA:826,0
DA:827,0
DA:828,0
DA:834,0
DA:836,0
DA:844,0
DA:856,0
DA:857,0
DA:859,0
DA:862,0
DA:863,0
DA:872,0
DA:877,0
DA:878,0
DA:879,0
DA:881,0
DA:884,0
DA:894,0
DA:895,0
DA:897,0
DA:900,0
DA:901,0
DA:910,0
DA:915,0
DA:916,0
DA:917,0
DA:919,0
DA:922,0
DA:931,0
DA:932,0
DA:934,0
DA:937,0
DA:938,0
DA:947,0
DA:949,0
DA:950,0
DA:952,0
DA:953,0
DA:955,0
DA:958,0
DA:959,0
DA:967,0
LF:290
LH:0
BRDA:29,0,0,0
BRDA:29,0,1,0
BRDA:62,1,0,0
BRDA:62,1,1,0
BRDA:99,2,0,0
BRDA:99,2,1,0
BRDA:136,3,0,0
BRDA:136,3,1,0
BRDA:173,4,0,0
BRDA:173,4,1,0
BRDA:210,5,0,0
BRDA:210,5,1,0
BRDA:247,6,0,0
BRDA:247,6,1,0
BRDA:284,7,0,0
BRDA:284,7,1,0
BRDA:321,8,0,0
BRDA:321,8,1,0
BRDA:358,9,0,0
BRDA:358,9,1,0
BRDA:395,10,0,0
BRDA:395,10,1,0
BRDA:432,11,0,0
BRDA:432,11,1,0
BRDA:470,12,0,0
BRDA:470,12,1,0
BRDA:508,13,0,0
BRDA:508,13,1,0
BRDA:545,14,0,0
BRDA:545,14,1,0
BRDA:582,15,0,0
BRDA:582,15,1,0
BRDA:619,16,0,0
BRDA:619,16,1,0
BRDA:656,17,0,0
BRDA:656,17,1,0
BRDA:693,18,0,0
BRDA:693,18,1,0
BRDA:730,19,0,0
BRDA:730,19,1,0
BRDA:767,20,0,0
BRDA:767,20,1,0
BRDA:804,21,0,0
BRDA:804,21,1,0
BRDA:827,22,0,0
BRDA:856,23,0,0
BRDA:856,23,1,0
BRDA:894,24,0,0
BRDA:894,24,1,0
BRDA:931,25,0,0
BRDA:931,25,1,0
BRDA:952,26,0,0
BRDA:952,26,1,0
BRF:53
BRH:0
end_of_record
TN:
SF:src/routes/pdfSummary.ts
FN:11,createPDFSummaryRouter
FN:22,(anonymous_2)
FN:139,(anonymous_3)
FN:163,(anonymous_4)
FN:211,savePDFSummaryToFirestore
FNF:5
FNH:0
FNDA:0,createPDFSummaryRouter
FNDA:0,(anonymous_2)
FNDA:0,(anonymous_3)
FNDA:0,(anonymous_4)
FNDA:0,savePDFSummaryToFirestore
DA:1,0
DA:2,0
DA:3,0
DA:4,0
DA:5,0
DA:6,0
DA:7,0
DA:8,0
DA:9,0
DA:11,0
DA:12,0
DA:18,0
DA:23,0
DA:24,0
DA:26,0
DA:27,0
DA:28,0
DA:30,0
DA:39,0
DA:40,0
DA:41,0
DA:48,0
DA:58,0
DA:64,0
DA:65,0
DA:73,0
DA:77,0
DA:80,0
DA:94,0
DA:95,0
DA:106,0
DA:112,0
DA:113,0
DA:121,0
DA:136,0
DA:140,0
DA:142,0
DA:143,0
DA:144,0
DA:146,0
DA:154,0
DA:162,0
DA:163,0
DA:168,0
DA:176,0
DA:186,0
DA:194,0
DA:205,0
DA:217,0
DA:218,0
DA:225,0
DA:232,0
DA:245,0
DA:247,0
DA:256,0
DA:264,0
LF:56
LH:0
BRDA:40,0,0,0
BRDA:64,1,0,0
BRF:2
BRH:0
end_of_record
TN:
SF:src/services/auditService.ts
FN:50,(anonymous_0)
FN:54,(anonymous_1)
FN:62,(anonymous_2)
FN:89,(anonymous_3)
FN:107,(anonymous_4)
FN:130,(anonymous_5)
FN:149,(anonymous_6)
FN:171,(anonymous_7)
FN:193,(anonymous_8)
FN:212,(anonymous_9)
FN:249,(anonymous_10)
FN:265,(anonymous_11)
FN:283,(anonymous_12)
FN:292,(anonymous_13)
FN:299,(anonymous_14)
FN:343,(anonymous_15)
FN:379,(anonymous_16)
FN:398,(anonymous_17)
FN:415,(anonymous_18)
FN:432,(anonymous_19)
FN:435,(anonymous_20)
FN:443,(anonymous_21)
FN:446,(anonymous_22)
FN:451,(anonymous_23)
FN:452,(anonymous_24)
FN:456,(anonymous_25)
FN:459,(anonymous_26)
FN:464,(anonymous_27)
FN:465,(anonymous_28)
FN:469,(anonymous_29)
FN:472,(anonymous_30)
FN:477,(anonymous_31)
FN:496,(anonymous_32)
FN:497,(anonymous_33)
FNF:34
FNH:2
FNDA:1,(anonymous_0)
FNDA:1,(anonymous_1)
FNDA:0,(anonymous_2)
FNDA:0,(anonymous_3)
FNDA:0,(anonymous_4)
FNDA:0,(anonymous_5)
FNDA:0,(anonymous_6)
FNDA:0,(anonymous_7)
FNDA:0,(anonymous_8)
FNDA:0,(anonymous_9)
FNDA:0,(anonymous_10)
FNDA:0,(anonymous_11)
FNDA:0,(anonymous_12)
FNDA:0,(anonymous_13)
FNDA:0,(anonymous_14)
FNDA:0,(anonymous_15)
FNDA:0,(anonymous_16)
FNDA:0,(anonymous_17)
FNDA:0,(anonymous_18)
FNDA:0,(anonymous_19)
FNDA:0,(anonymous_20)
FNDA:0,(anonymous_21)
FNDA:0,(anonymous_22)
FNDA:0,(anonymous_23)
FNDA:0,(anonymous_24)
FNDA:0,(anonymous_25)
FNDA:0,(anonymous_26)
FNDA:0,(anonymous_27)
FNDA:0,(anonymous_28)
FNDA:0,(anonymous_29)
FNDA:0,(anonymous_30)
FNDA:0,(anonymous_31)
FNDA:0,(anonymous_32)
FNDA:0,(anonymous_33)
DA:1,1
DA:2,1
DA:3,1
DA:48,1
DA:51,1
DA:55,1
DA:56,1
DA:58,1
DA:63,0
DA:64,0
DA:70,0
DA:73,0
DA:75,0
DA:83,0
DA:94,0
DA:95,0
DA:117,0
DA:137,0
DA:158,0
DA:180,0
DA:200,0
DA:213,0
DA:214,0
DA:217,0
DA:218,0
DA:220,0
DA:221,0
DA:223,0
DA:224,0
DA:226,0
DA:227,0
DA:229,0
DA:230,0
DA:232,0
DA:233,0
DA:237,0
DA:239,0
DA:240,0
DA:242,0
DA:243,0
DA:246,0
DA:247,0
DA:249,0
DA:250,0
DA:256,0
DA:259,0
DA:260,0
DA:270,0
DA:271,0
DA:276,0
DA:277,0
DA:280,0
DA:281,0
DA:283,0
DA:284,0
DA:291,0
DA:292,0
DA:293,0
DA:295,0
DA:296,0
DA:297,0
DA:299,0
DA:301,0
DA:304,0
DA:307,0
DA:308,0
DA:312,0
DA:326,0
DA:327,0
DA:347,0
DA:348,0
DA:349,0
DA:350,0
DA:352,0
DA:359,0
DA:370,0
DA:373,0
DA:374,0
DA:380,0
DA:381,0
DA:382,0
DA:384,0
DA:389,0
DA:391,0
DA:392,0
DA:395,0
DA:396,0
DA:398,0
DA:399,0
DA:400,0
DA:403,0
DA:405,0
DA:406,0
DA:409,0
DA:410,0
DA:416,0
DA:417,0
DA:418,0
DA:420,0
DA:423,0
DA:425,0
DA:427,0
DA:433,0
DA:435,0
DA:436,0
DA:437,0
DA:440,0
DA:444,0
DA:446,0
DA:447,0
DA:450,0
DA:451,0
DA:452,0
DA:457,0
DA:459,0
DA:460,0
DA:463,0
DA:464,0
DA:465,0
DA:470,0
DA:472,0
DA:473,0
DA:482,0
DA:483,0
DA:489,0
DA:490,0
DA:493,0
DA:494,0
DA:496,0
DA:497,0
DA:498,0
DA:499,0
DA:501,0
DA:504,0
DA:508,0
DA:509,0
DA:515,1
LF:137
LH:9
BRDA:55,0,0,1
BRDA:96,1,0,0
BRDA:96,1,1,0
BRDA:102,2,0,0
BRDA:102,2,1,0
BRDA:217,3,0,0
BRDA:220,4,0,0
BRDA:223,5,0,0
BRDA:226,6,0,0
BRDA:229,7,0,0
BRDA:232,8,0,0
BRDA:239,9,0,0
BRDA:242,10,0,0
BRDA:276,11,0,0
BRDA:301,12,0,0
BRDA:301,12,1,0
BRDA:304,13,0,0
BRDA:304,13,1,0
BRDA:307,14,0,0
BRDA:308,15,0,0
BRDA:308,15,1,0
BRDA:317,16,0,0
BRDA:317,16,1,0
BRDA:318,17,0,0
BRDA:318,17,1,0
BRDA:345,18,0,0
BRDA:363,19,0,0
BRDA:363,19,1,0
BRDA:391,20,0,0
BRDA:417,21,0,0
BRDA:417,21,1,0
BRDA:418,22,0,0
BRDA:418,22,1,0
BRDA:437,23,0,0
BRDA:437,23,1,0
BRDA:443,24,0,0
BRDA:447,25,0,0
BRDA:447,25,1,0
BRDA:456,26,0,0
BRDA:460,27,0,0
BRDA:460,27,1,0
BRDA:470,28,0,0
BRDA:480,29,0,0
BRDA:489,30,0,0
BRDA:489,30,1,0
BRDA:499,31,0,0
BRDA:499,31,1,0
BRDA:499,32,0,0
BRDA:499,32,1,0
BRF:49
BRH:1
end_of_record
TN:
SF:src/services/backupService.ts
FN:40,(anonymous_9)
FN:57,(anonymous_10)
FN:65,(anonymous_11)
FN:83,(anonymous_12)
FN:91,(anonymous_13)
FN:156,(anonymous_14)
FN:191,(anonymous_15)
FN:213,(anonymous_16)
FN:235,(anonymous_17)
FN:270,(anonymous_18)
FN:282,(anonymous_19)
FN:291,(anonymous_20)
FN:324,(anonymous_21)
FN:342,(anonymous_22)
FN:377,(anonymous_23)
FN:379,(anonymous_24)
FN:389,(anonymous_25)
FN:405,(anonymous_26)
FN:423,(anonymous_27)
FN:441,(anonymous_28)
FN:451,(anonymous_29)
FN:460,(anonymous_30)
FN:479,(anonymous_31)
FN:490,(anonymous_32)
FNF:24
FNH:0
FNDA:0,(anonymous_9)
FNDA:0,(anonymous_10)
FNDA:0,(anonymous_11)
FNDA:0,(anonymous_12)
FNDA:0,(anonymous_13)
FNDA:0,(anonymous_14)
FNDA:0,(anonymous_15)
FNDA:0,(anonymous_16)
FNDA:0,(anonymous_17)
FNDA:0,(anonymous_18)
FNDA:0,(anonymous_19)
FNDA:0,(anonymous_20)
FNDA:0,(anonymous_21)
FNDA:0,(anonymous_22)
FNDA:0,(anonymous_23)
FNDA:0,(anonymous_24)
FNDA:0,(anonymous_25)
FNDA:0,(anonymous_26)
FNDA:0,(anonymous_27)
FNDA:0,(anonymous_28)
FNDA:0,(anonymous_29)
FNDA:0,(anonymous_30)
FNDA:0,(anonymous_31)
FNDA:0,(anonymous_32)
DA:1,0
DA:2,0
DA:3,0
DA:4,0
DA:5,0
DA:6,0
DA:7,0
DA:8,0
DA:10,0
DA:41,0
DA:52,0
DA:53,0
DA:54,0
DA:58,0
DA:59,0
DA:61,0
DA:66,0
DA:67,0
DA:68,0
DA:70,0
DA:71,0
DA:74,0
DA:75,0
DA:78,0
DA:79,0
DA:82,0
DA:83,0
DA:87,0
DA:91,0
DA:95,0
DA:96,0
DA:99,0
DA:100,0
DA:101,0
DA:105,0
DA:106,0
DA:110,0
DA:111,0
DA:115,0
DA:116,0
DA:118,0
DA:119,0
DA:128,0
DA:135,0
DA:137,0
DA:140,0
DA:141,0
DA:143,0
DA:157,0
DA:158,0
DA:159,0
DA:161,0
DA:162,0
DA:164,0
DA:165,0
DA:167,0
DA:168,0
DA:170,0
DA:172,0
DA:177,0
DA:179,0
DA:180,0
DA:181,0
DA:185,0
DA:191,0
DA:194,0
DA:195,0
DA:197,0
DA:198,0
DA:199,0
DA:201,0
DA:210,0
DA:213,0
DA:216,0
DA:219,0
DA:220,0
DA:222,0
DA:236,0
DA:237,0
DA:239,0
DA:242,0
DA:243,0
DA:247,0
DA:248,0
DA:250,0
DA:252,0
DA:253,0
DA:255,0
DA:256,0
DA:260,0
DA:261,0
DA:264,0
DA:265,0
DA:271,0
DA:272,0
DA:273,0
DA:275,0
DA:276,0
DA:277,0
DA:278,0
DA:282,0
DA:285,0
DA:286,0
DA:292,0
DA:293,0
DA:294,0
DA:295,0
DA:297,0
DA:299,0
DA:300,0
DA:302,0
DA:305,0
DA:306,0
DA:307,0
DA:310,0
DA:314,0
DA:315,0
DA:318,0
DA:319,0
DA:325,0
DA:326,0
DA:330,0
DA:331,0
DA:333,0
DA:334,0
DA:335,0
DA:339,0
DA:343,0
DA:344,0
DA:346,0
DA:347,0
DA:349,0
DA:350,0
DA:357,0
DA:360,0
DA:361,0
DA:365,0
DA:371,0
DA:372,0
DA:374,0
DA:378,0
DA:379,0
DA:381,0
DA:382,0
DA:383,0
DA:385,0
DA:390,0
DA:392,0
DA:393,0
DA:396,0
DA:398,0
DA:400,0
DA:401,0
DA:407,0
DA:408,0
DA:410,0
DA:411,0
DA:414,0
DA:416,0
DA:418,0
DA:419,0
DA:424,0
DA:425,0
DA:426,0
DA:428,0
DA:442,0
DA:443,0
DA:445,0
DA:446,0
DA:452,0
DA:453,0
DA:454,0
DA:456,0
DA:461,0
DA:463,0
DA:465,0
DA:466,0
DA:467,0
DA:469,0
DA:470,0
DA:472,0
DA:476,0
DA:480,0
DA:482,0
DA:483,0
DA:484,0
DA:486,0
DA:491,0
DA:492,0
DA:493,0
DA:497,0
DA:502,0
LF:192
LH:0
BRDA:43,0,0,0
BRDA:43,0,1,0
BRDA:44,1,0,0
BRDA:44,1,1,0
BRDA:45,2,0,0
BRDA:45,2,1,0
BRDA:48,3,0,0
BRDA:48,3,1,0
BRDA:49,4,0,0
BRDA:49,4,1,0
BRDA:54,5,0,0
BRDA:54,5,1,0
BRDA:58,6,0,0
BRDA:100,7,0,0
BRDA:105,8,0,0
BRDA:110,9,0,0
BRDA:116,10,0,0
BRDA:116,10,1,0
BRDA:150,11,0,0
BRDA:150,11,1,0
BRDA:179,12,0,0
BRDA:229,13,0,0
BRDA:229,13,1,0
BRDA:242,14,0,0
BRDA:250,15,0,0
BRDA:250,15,1,0
BRDA:255,16,0,0
BRDA:277,17,0,0
BRDA:300,18,0,0
BRDA:306,19,0,0
BRDA:325,20,0,0
BRDA:334,21,0,0
BRDA:346,22,0,0
BRDA:346,22,1,0
BRDA:379,23,0,0
BRDA:379,23,1,0
BRDA:408,24,0,0
BRDA:408,24,1,0
BRDA:424,25,0,0
BRDA:445,26,0,0
BRDA:469,27,0,0
BRDA:469,27,1,0
BRDA:480,28,0,0
BRDA:491,29,0,0
BRF:44
BRH:0
end_of_record
TN:
SF:src/services/cacheService.ts
FN:18,(anonymous_1)
FN:31,(anonymous_2)
FN:36,(anonymous_3)
FN:41,(anonymous_4)
FN:48,(anonymous_5)
FN:71,(anonymous_6)
FN:93,(anonymous_7)
FN:109,(anonymous_8)
FN:124,(anonymous_9)
FN:127,(anonymous_10)
FN:131,(anonymous_11)
FN:134,(anonymous_12)
FN:138,(anonymous_13)
FN:165,(anonymous_14)
FN:179,(anonymous_15)
FN:200,(anonymous_16)
FN:228,(anonymous_17)
FN:242,(anonymous_18)
FN:257,(anonymous_19)
FN:268,(anonymous_20)
FN:292,(anonymous_21)
FN:307,(anonymous_22)
FN:321,Cache
FN:322,(anonymous_24)
FN:325,(anonymous_25)
FN:353,(anonymous_26)
FN:354,(anonymous_27)
FN:355,(anonymous_28)
FN:356,(anonymous_29)
FN:357,(anonymous_30)
FN:358,(anonymous_31)
FN:359,(anonymous_32)
FNF:32
FNH:1
FNDA:1,(anonymous_1)
FNDA:0,(anonymous_2)
FNDA:0,(anonymous_3)
FNDA:0,(anonymous_4)
FNDA:0,(anonymous_5)
FNDA:0,(anonymous_6)
FNDA:0,(anonymous_7)
FNDA:0,(anonymous_8)
FNDA:0,(anonymous_9)
FNDA:0,(anonymous_10)
FNDA:0,(anonymous_11)
FNDA:0,(anonymous_12)
FNDA:0,(anonymous_13)
FNDA:0,(anonymous_14)
FNDA:0,(anonymous_15)
FNDA:0,(anonymous_16)
FNDA:0,(anonymous_17)
FNDA:0,(anonymous_18)
FNDA:0,(anonymous_19)
FNDA:0,(anonymous_20)
FNDA:0,(anonymous_21)
FNDA:0,(anonymous_22)
FNDA:0,Cache
FNDA:0,(anonymous_24)
FNDA:0,(anonymous_25)
FNDA:0,(anonymous_26)
FNDA:0,(anonymous_27)
FNDA:0,(anonymous_28)
FNDA:0,(anonymous_29)
FNDA:0,(anonymous_30)
FNDA:0,(anonymous_31)
FNDA:0,(anonymous_32)
DA:1,1
DA:2,1
DA:16,1
DA:19,1
DA:29,1
DA:31,1
DA:32,0
DA:33,0
DA:36,1
DA:37,0
DA:38,0
DA:41,1
DA:42,0
DA:43,0
DA:49,0
DA:50,0
DA:51,0
DA:52,0
DA:55,0
DA:57,0
DA:58,0
DA:60,0
DA:63,0
DA:64,0
DA:66,0
DA:67,0
DA:72,0
DA:73,0
DA:74,0
DA:75,0
DA:78,0
DA:80,0
DA:81,0
DA:84,0
DA:85,0
DA:86,0
DA:88,0
DA:89,0
DA:94,0
DA:95,0
DA:96,0
DA:97,0
DA:100,0
DA:101,0
DA:102,0
DA:104,0
DA:105,0
DA:110,0
DA:111,0
DA:112,0
DA:115,0
DA:116,0
DA:118,0
DA:119,0
DA:125,0
DA:126,0
DA:127,0
DA:130,0
DA:131,0
DA:133,0
DA:134,0
DA:139,0
DA:140,0
DA:141,0
DA:144,0
DA:146,0
DA:147,0
DA:148,0
DA:149,0
DA:151,0
DA:155,0
DA:156,0
DA:157,0
DA:159,0
DA:160,0
DA:166,0
DA:167,0
DA:168,0
DA:171,0
DA:172,0
DA:174,0
DA:175,0
DA:180,0
DA:181,0
DA:182,0
DA:185,0
DA:186,0
DA:187,0
DA:190,0
DA:191,0
DA:192,0
DA:194,0
DA:195,0
DA:205,0
DA:207,0
DA:208,0
DA:209,0
DA:213,0
DA:214,0
DA:217,0
DA:219,0
DA:221,0
DA:223,0
DA:229,0
DA:235,0
DA:236,0
DA:239,0
DA:243,0
DA:249,0
DA:250,0
DA:253,0
DA:258,0
DA:259,0
DA:260,0
DA:262,0
DA:263,0
DA:273,0
DA:274,0
DA:275,0
DA:278,0
DA:279,0
DA:281,0
DA:287,0
DA:288,0
DA:293,0
DA:294,0
DA:296,0
DA:297,0
DA:298,0
DA:299,0
DA:303,0
DA:308,0
DA:309,0
DA:310,0
DA:312,0
DA:318,1
DA:321,1
DA:322,0
DA:323,0
DA:325,0
DA:326,0
DA:328,0
DA:330,0
DA:331,0
DA:332,0
DA:333,0
DA:337,0
DA:338,0
DA:340,0
DA:341,0
DA:343,0
DA:345,0
DA:352,1
DA:353,0
DA:354,0
DA:355,0
DA:356,0
DA:357,0
DA:358,0
DA:359,0
LF:160
LH:11
BRDA:20,0,0,1
BRDA:20,0,1,1
BRDA:21,1,0,1
BRDA:21,1,1,1
BRDA:23,2,0,1
BRDA:23,2,1,1
BRDA:50,3,0,0
BRDA:57,4,0,0
BRDA:57,4,1,0
BRDA:73,5,0,0
BRDA:80,6,0,0
BRDA:95,7,0,0
BRDA:111,8,0,0
BRDA:126,9,0,0
BRDA:131,10,0,0
BRDA:131,10,1,0
BRDA:140,11,0,0
BRDA:148,12,0,0
BRDA:148,12,1,0
BRDA:167,13,0,0
BRDA:181,14,0,0
BRDA:186,15,0,0
BRDA:203,16,0,0
BRDA:208,17,0,0
BRDA:274,18,0,0
BRDA:297,19,0,0
BRDA:321,20,0,0
BRDA:326,21,0,0
BRDA:326,21,1,0
BRDA:331,22,0,0
BRF:30
BRH:6
end_of_record
TN:
SF:src/services/chatService.ts
FN:37,(anonymous_10)
FN:57,(anonymous_11)
FN:75,(anonymous_12)
FN:115,(anonymous_13)
FN:116,(anonymous_14)
FN:121,(anonymous_15)
FN:124,(anonymous_16)
FN:126,(anonymous_17)
FN:137,(anonymous_18)
FN:138,(anonymous_19)
FN:182,(anonymous_20)
FN:196,(anonymous_21)
FN:273,(anonymous_22)
FN:326,(anonymous_23)
FN:352,(anonymous_24)
FN:357,(anonymous_25)
FN:382,(anonymous_26)
FN:390,(anonymous_27)
FN:420,(anonymous_28)
FN:425,(anonymous_29)
FN:428,(anonymous_30)
FN:430,(anonymous_31)
FN:432,(anonymous_32)
FN:475,(anonymous_33)
FN:516,(anonymous_34)
FN:524,(anonymous_35)
FN:666,(anonymous_36)
FN:731,(anonymous_37)
FN:733,(anonymous_38)
FN:735,(anonymous_39)
FN:757,(anonymous_40)
FN:761,(anonymous_41)
FN:765,(anonymous_42)
FN:769,(anonymous_43)
FN:779,(anonymous_44)
FN:811,(anonymous_45)
FN:888,(anonymous_46)
FN:980,(anonymous_47)
FN:1014,(anonymous_48)
FN:1068,(anonymous_49)
FN:1074,(anonymous_50)
FN:1086,(anonymous_51)
FN:1100,(anonymous_52)
FN:1189,(anonymous_53)
FNF:44
FNH:0
FNDA:0,(anonymous_10)
FNDA:0,(anonymous_11)
FNDA:0,(anonymous_12)
FNDA:0,(anonymous_13)
FNDA:0,(anonymous_14)
FNDA:0,(anonymous_15)
FNDA:0,(anonymous_16)
FNDA:0,(anonymous_17)
FNDA:0,(anonymous_18)
FNDA:0,(anonymous_19)
FNDA:0,(anonymous_20)
FNDA:0,(anonymous_21)
FNDA:0,(anonymous_22)
FNDA:0,(anonymous_23)
FNDA:0,(anonymous_24)
FNDA:0,(anonymous_25)
FNDA:0,(anonymous_26)
FNDA:0,(anonymous_27)
FNDA:0,(anonymous_28)
FNDA:0,(anonymous_29)
FNDA:0,(anonymous_30)
FNDA:0,(anonymous_31)
FNDA:0,(anonymous_32)
FNDA:0,(anonymous_33)
FNDA:0,(anonymous_34)
FNDA:0,(anonymous_35)
FNDA:0,(anonymous_36)
FNDA:0,(anonymous_37)
FNDA:0,(anonymous_38)
FNDA:0,(anonymous_39)
FNDA:0,(anonymous_40)
FNDA:0,(anonymous_41)
FNDA:0,(anonymous_42)
FNDA:0,(anonymous_43)
FNDA:0,(anonymous_44)
FNDA:0,(anonymous_45)
FNDA:0,(anonymous_46)
FNDA:0,(anonymous_47)
FNDA:0,(anonymous_48)
FNDA:0,(anonymous_49)
FNDA:0,(anonymous_50)
FNDA:0,(anonymous_51)
FNDA:0,(anonymous_52)
FNDA:0,(anonymous_53)
DA:1,0
DA:2,0
DA:3,0
DA:4,0
DA:5,0
DA:29,0
DA:30,0
DA:31,0
DA:32,0
DA:38,0
DA:39,0
DA:41,0
DA:42,0
DA:53,0
DA:57,0
DA:72,0
DA:75,0
DA:76,0
DA:81,0
DA:82,0
DA:92,0
DA:97,0
DA:99,0
DA:110,0
DA:112,0
DA:115,0
DA:116,0
DA:121,0
DA:124,0
DA:126,0
DA:132,0
DA:134,0
DA:137,0
DA:138,0
DA:147,0
DA:149,0
DA:163,0
DA:165,0
DA:166,0
DA:171,0
DA:174,0
DA:182,0
DA:192,0
DA:193,0
DA:196,0
DA:204,0
DA:206,0
DA:207,0
DA:216,0
DA:224,0
DA:225,0
DA:231,0
DA:239,0
DA:244,0
DA:250,0
DA:253,0
DA:254,0
DA:263,0
DA:274,0
DA:276,0
DA:278,0
DA:279,0
DA:282,0
DA:284,0
DA:285,0
DA:286,0
DA:288,0
DA:290,0
DA:292,0
DA:303,0
DA:310,0
DA:316,0
DA:320,0
DA:327,0
DA:328,0
DA:333,0
DA:334,0
DA:335,0
DA:337,0
DA:339,0
DA:345,0
DA:353,0
DA:354,0
DA:357,0
DA:369,0
DA:370,0
DA:372,0
DA:373,0
DA:382,0
DA:383,0
DA:384,0
DA:388,0
DA:390,0
DA:391,0
DA:392,0
DA:397,0
DA:399,0
DA:404,0
DA:407,0
DA:410,0
DA:420,0
DA:425,0
DA:428,0
DA:430,0
DA:432,0
DA:441,0
DA:442,0
DA:450,0
DA:451,0
DA:475,0
DA:491,0
DA:493,0
DA:494,0
DA:509,0
DA:517,0
DA:518,0
DA:519,0
DA:521,0
DA:524,0
DA:533,0
DA:534,0
DA:535,0
DA:536,0
DA:538,0
DA:546,0
DA:548,0
DA:549,0
DA:550,0
DA:552,0
DA:553,0
DA:564,0
DA:565,0
DA:574,0
DA:577,0
DA:584,0
DA:587,0
DA:593,0
DA:595,0
DA:605,0
DA:614,0
DA:615,0
DA:625,0
DA:632,0
DA:634,0
DA:635,0
DA:644,0
DA:653,0
DA:660,0
DA:667,0
DA:732,0
DA:735,0
DA:736,0
DA:742,0
DA:743,0
DA:750,0
DA:759,0
DA:763,0
DA:767,0
DA:771,0
DA:784,0
DA:785,0
DA:787,0
DA:788,0
DA:803,0
DA:806,0
DA:811,0
DA:812,0
DA:813,0
DA:818,0
DA:819,0
DA:828,0
DA:831,0
DA:836,0
DA:850,0
DA:852,0
DA:853,0
DA:863,0
DA:866,0
DA:867,0
DA:878,0
DA:889,0
DA:890,0
DA:892,0
DA:893,0
DA:900,0
DA:916,0
DA:922,0
DA:929,0
DA:930,0
DA:952,0
DA:954,0
DA:962,0
DA:965,0
DA:966,0
DA:973,0
DA:981,0
DA:982,0
DA:989,0
DA:991,0
DA:996,0
DA:999,0
DA:1004,0
DA:1015,0
DA:1056,0
DA:1057,0
DA:1059,0
DA:1062,0
DA:1068,0
DA:1069,0
DA:1072,0
DA:1075,0
DA:1080,0
DA:1087,0
DA:1088,0
DA:1096,0
DA:1099,0
DA:1100,0
DA:1101,0
DA:1104,0
DA:1105,0
DA:1106,0
DA:1110,0
DA:1111,0
DA:1118,0
DA:1124,0
DA:1133,0
DA:1136,0
DA:1138,0
DA:1139,0
DA:1146,0
DA:1147,0
DA:1149,0
DA:1153,0
DA:1162,0
DA:1171,0
DA:1179,0
DA:1190,0
DA:1191,0
DA:1192,0
DA:1200,0
DA:1201,0
DA:1206,0
DA:1213,0
DA:1216,0
DA:1217,0
DA:1218,0
DA:1223,0
DA:1231,0
DA:1238,0
DA:1241,0
DA:1249,0
LF:251
LH:0
BRDA:48,0,0,0
BRDA:48,0,1,0
BRDA:61,1,0,0
BRDA:61,1,1,0
BRDA:65,2,0,0
BRDA:65,2,1,0
BRDA:76,3,0,0
BRDA:76,3,1,0
BRDA:76,3,2,0
BRDA:81,4,0,0
BRDA:81,5,0,0
BRDA:81,5,1,0
BRDA:81,5,2,0
BRDA:97,6,0,0
BRDA:97,6,1,0
BRDA:97,7,0,0
BRDA:97,7,1,0
BRDA:119,8,0,0
BRDA:119,8,1,0
BRDA:120,9,0,0
BRDA:120,9,1,0
BRDA:121,10,0,0
BRDA:121,10,1,0
BRDA:123,11,0,0
BRDA:123,11,1,0
BRDA:124,12,0,0
BRDA:124,12,1,0
BRDA:125,13,0,0
BRDA:125,13,1,0
BRDA:126,14,0,0
BRDA:126,14,1,0
BRDA:165,15,0,0
BRDA:178,16,0,0
BRDA:178,16,1,0
BRDA:179,17,0,0
BRDA:179,17,1,0
BRDA:179,18,0,0
BRDA:179,18,1,0
BRDA:181,19,0,0
BRDA:181,19,1,0
BRDA:182,20,0,0
BRDA:182,20,1,0
BRDA:192,21,0,0
BRDA:206,22,0,0
BRDA:224,23,0,0
BRDA:234,24,0,0
BRDA:234,24,1,0
BRDA:265,25,0,0
BRDA:265,25,1,0
BRDA:279,26,0,0
BRDA:279,26,1,0
BRDA:282,27,0,0
BRDA:282,27,1,0
BRDA:284,28,0,0
BRDA:284,28,1,0
BRDA:284,29,0,0
BRDA:284,29,1,0
BRDA:286,30,0,0
BRDA:286,30,1,0
BRDA:305,31,0,0
BRDA:305,31,1,0
BRDA:334,32,0,0
BRDA:334,32,1,0
BRDA:341,33,0,0
BRDA:341,33,1,0
BRDA:345,34,0,0
BRDA:345,34,1,0
BRDA:372,35,0,0
BRDA:383,36,0,0
BRDA:383,36,1,0
BRDA:383,37,0,0
BRDA:383,37,1,0
BRDA:388,38,0,0
BRDA:391,39,0,0
BRDA:391,40,0,0
BRDA:391,40,1,0
BRDA:391,40,2,0
BRDA:423,41,0,0
BRDA:423,41,1,0
BRDA:424,42,0,0
BRDA:424,42,1,0
BRDA:425,43,0,0
BRDA:425,43,1,0
BRDA:426,44,0,0
BRDA:426,44,1,0
BRDA:427,45,0,0
BRDA:427,45,1,0
BRDA:428,46,0,0
BRDA:428,46,1,0
BRDA:429,47,0,0
BRDA:429,47,1,0
BRDA:429,48,0,0
BRDA:429,48,1,0
BRDA:430,49,0,0
BRDA:430,49,1,0
BRDA:469,50,0,0
BRDA:469,50,1,0
BRDA:470,51,0,0
BRDA:470,51,1,0
BRDA:475,52,0,0
BRDA:475,52,1,0
BRDA:480,53,0,0
BRDA:480,53,1,0
BRDA:481,54,0,0
BRDA:481,54,1,0
BRDA:482,55,0,0
BRDA:482,55,1,0
BRDA:484,56,0,0
BRDA:484,56,1,0
BRDA:548,57,0,0
BRDA:548,57,1,0
BRDA:559,58,0,0
BRDA:559,58,1,0
BRDA:559,59,0,0
BRDA:559,59,1,0
BRDA:600,60,0,0
BRDA:600,60,1,0
BRDA:627,61,0,0
BRDA:627,61,1,0
BRDA:634,62,0,0
BRDA:742,63,0,0
BRDA:742,63,1,0
BRDA:745,64,0,0
BRDA:745,64,1,0
BRDA:746,65,0,0
BRDA:746,65,1,0
BRDA:747,66,0,0
BRDA:747,66,1,0
BRDA:752,67,0,0
BRDA:752,67,1,0
BRDA:794,68,0,0
BRDA:794,68,1,0
BRDA:798,69,0,0
BRDA:798,69,1,0
BRDA:813,70,0,0
BRDA:813,70,1,0
BRDA:813,70,2,0
BRDA:818,71,0,0
BRDA:896,72,0,0
BRDA:896,72,1,0
BRDA:941,73,0,0
BRDA:941,73,1,0
BRDA:942,74,0,0
BRDA:942,74,1,0
BRDA:952,75,0,0
BRDA:952,75,1,0
BRDA:1057,76,0,0
BRDA:1099,77,0,0
BRDA:1101,78,0,0
BRDA:1101,78,1,0
BRDA:1104,79,0,0
BRDA:1106,80,0,0
BRDA:1106,80,1,0
BRDA:1110,81,0,0
BRDA:1138,82,0,0
BRDA:1146,83,0,0
BRDA:1146,83,1,0
BRDA:1149,84,0,0
BRDA:1149,84,1,0
BRDA:1196,85,0,0
BRDA:1196,85,1,0
BRDA:1200,86,0,0
BRDA:31,87,0,0
BRDA:31,87,1,0
BRF:164
BRH:0
end_of_record
TN:
SF:src/services/dataRetentionService.ts
FN:34,(anonymous_0)
FN:44,(anonymous_1)
FN:51,(anonymous_2)
FN:140,(anonymous_3)
FN:188,(anonymous_4)
FN:204,(anonymous_5)
FN:283,(anonymous_6)
FN:314,(anonymous_7)
FN:372,(anonymous_8)
FN:437,(anonymous_9)
FN:441,(anonymous_10)
FN:458,(anonymous_11)
FN:469,(anonymous_12)
FN:470,(anonymous_13)
FN:489,(anonymous_14)
FNF:15
FNH:0
FNDA:0,(anonymous_0)
FNDA:0,(anonymous_1)
FNDA:0,(anonymous_2)
FNDA:0,(anonymous_3)
FNDA:0,(anonymous_4)
FNDA:0,(anonymous_5)
FNDA:0,(anonymous_6)
FNDA:0,(anonymous_7)
FNDA:0,(anonymous_8)
FNDA:0,(anonymous_9)
FNDA:0,(anonymous_10)
FNDA:0,(anonymous_11)
FNDA:0,(anonymous_12)
FNDA:0,(anonymous_13)
FNDA:0,(anonymous_14)
DA:1,0
DA:2,0
DA:3,0
DA:35,0
DA:36,0
DA:45,0
DA:46,0
DA:48,0
DA:52,0
DA:141,0
DA:142,0
DA:144,0
DA:149,0
DA:150,0
DA:151,0
DA:152,0
DA:156,0
DA:157,0
DA:158,0
DA:161,0
DA:162,0
DA:163,0
DA:165,0
DA:166,0
DA:171,0
DA:177,0
DA:178,0
DA:188,0
DA:189,0
DA:191,0
DA:198,0
DA:200,0
DA:205,0
DA:206,0
DA:208,0
DA:209,0
DA:210,0
DA:213,0
DA:219,0
DA:220,0
DA:221,0
DA:225,0
DA:227,0
DA:228,0
DA:236,0
DA:237,0
DA:238,0
DA:247,0
DA:248,0
DA:250,0
DA:251,0
DA:252,0
DA:255,0
DA:258,0
DA:260,0
DA:261,0
DA:264,0
DA:272,0
DA:284,0
DA:285,0
DA:293,0
DA:295,0
DA:296,0
DA:297,0
DA:298,0
DA:300,0
DA:301,0
DA:311,0
DA:315,0
DA:316,0
DA:318,0
DA:319,0
DA:324,0
DA:326,0
DA:327,0
DA:335,0
DA:336,0
DA:337,0
DA:345,0
DA:346,0
DA:347,0
DA:348,0
DA:351,0
DA:353,0
DA:361,0
DA:373,0
DA:374,0
DA:376,0
DA:377,0
DA:378,0
DA:380,0
DA:386,0
DA:388,0
DA:389,0
DA:397,0
DA:398,0
DA:399,0
DA:407,0
DA:408,0
DA:409,0
DA:413,0
DA:416,0
DA:418,0
DA:426,0
DA:438,0
DA:439,0
DA:441,0
DA:447,0
DA:450,0
DA:453,0
DA:459,0
DA:460,0
DA:461,0
DA:463,0
DA:464,0
DA:470,0
DA:472,0
DA:473,0
DA:474,0
DA:476,0
DA:484,0
DA:491,0
DA:496,0
LF:123
LH:0
BRDA:39,0,0,0
BRDA:39,0,1,0
BRDA:40,1,0,0
BRDA:40,1,1,0
BRDA:45,2,0,0
BRDA:150,3,0,0
BRDA:156,4,0,0
BRDA:165,5,0,0
BRDA:165,5,1,0
BRDA:183,6,0,0
BRDA:183,6,1,0
BRDA:219,7,0,0
BRDA:227,8,0,0
BRDA:236,9,0,0
BRDA:258,10,0,0
BRDA:277,11,0,0
BRDA:277,11,1,0
BRDA:306,12,0,0
BRDA:306,12,1,0
BRDA:326,13,0,0
BRDA:335,14,0,0
BRDA:366,15,0,0
BRDA:366,15,1,0
BRDA:388,16,0,0
BRDA:397,17,0,0
BRDA:431,18,0,0
BRDA:431,18,1,0
BRDA:472,19,0,0
BRDA:472,19,1,0
BRF:29
BRH:0
end_of_record
TN:
SF:src/services/hashService.ts
FN:15,(anonymous_1)
FN:22,(anonymous_2)
FN:33,(anonymous_3)
FN:44,(anonymous_4)
FNF:4
FNH:0
FNDA:0,(anonymous_1)
FNDA:0,(anonymous_2)
FNDA:0,(anonymous_3)
FNDA:0,(anonymous_4)
DA:1,1
DA:3,1
DA:4,1
DA:16,0
DA:23,0
DA:24,0
DA:26,0
DA:34,0
DA:45,0
DA:46,0
DA:48,0
LF:11
LH:3
BRF:0
BRH:0
end_of_record
TN:
SF:src/services/passwordResetService.ts
FN:24,(anonymous_9)
FN:67,(anonymous_10)
FN:107,(anonymous_11)
FN:124,(anonymous_12)
FN:132,(anonymous_13)
FN:146,(anonymous_14)
FN:155,(anonymous_15)
FNF:7
FNH:0
FNDA:0,(anonymous_9)
FNDA:0,(anonymous_10)
FNDA:0,(anonymous_11)
FNDA:0,(anonymous_12)
FNDA:0,(anonymous_13)
FNDA:0,(anonymous_14)
FNDA:0,(anonymous_15)
DA:1,1
DA:2,1
DA:3,1
DA:4,1
DA:5,1
DA:6,1
DA:7,1
DA:20,1
DA:29,0
DA:30,0
DA:32,0
DA:36,0
DA:37,0
DA:38,0
DA:39,0
DA:40,0
DA:42,0
DA:51,0
DA:54,0
DA:61,0
DA:73,0
DA:76,0
DA:83,0
DA:84,0
DA:87,0
DA:88,0
DA:91,0
DA:92,0
DA:96,0
DA:97,0
DA:102,0
DA:107,0
DA:108,0
DA:111,0
DA:118,0
DA:125,0
DA:126,0
DA:131,0
DA:132,0
DA:133,0
DA:136,0
DA:137,0
DA:140,0
DA:147,0
DA:148,0
DA:155,0
LF:46
LH:8
BRDA:30,0,0,0
BRDA:83,1,0,0
BRDA:91,2,0,0
BRDA:136,3,0,0
BRF:4
BRH:0
end_of_record
TN:
SF:src/services/pdfReadService.ts
FN:13,(anonymous_1)
FN:45,(anonymous_2)
FN:81,(anonymous_3)
FN:108,(anonymous_4)
FN:133,(anonymous_5)
FN:159,(anonymous_6)
FN:185,(anonymous_7)
FN:211,(anonymous_8)
FN:237,(anonymous_9)
FN:263,(anonymous_10)
FN:289,(anonymous_11)
FN:314,(anonymous_12)
FN:339,(anonymous_13)
FN:364,(anonymous_14)
FN:389,(anonymous_15)
FN:414,(anonymous_16)
FN:439,(anonymous_17)
FN:464,(anonymous_18)
FN:489,(anonymous_19)
FN:514,(anonymous_20)
FN:539,(anonymous_21)
FN:564,(anonymous_22)
FN:589,(anonymous_23)
FN:616,(anonymous_24)
FN:643,(anonymous_25)
FN:668,(anonymous_26)
FN:693,(anonymous_27)
FN:718,(anonymous_28)
FN:743,(anonymous_29)
FN:768,(anonymous_30)
FN:793,(anonymous_31)
FN:818,(anonymous_32)
FN:843,(anonymous_33)
FN:871,(anonymous_34)
FN:897,(anonymous_35)
FNF:35
FNH:0
FNDA:0,(anonymous_1)
FNDA:0,(anonymous_2)
FNDA:0,(anonymous_3)
FNDA:0,(anonymous_4)
FNDA:0,(anonymous_5)
FNDA:0,(anonymous_6)
FNDA:0,(anonymous_7)
FNDA:0,(anonymous_8)
FNDA:0,(anonymous_9)
FNDA:0,(anonymous_10)
FNDA:0,(anonymous_11)
FNDA:0,(anonymous_12)
FNDA:0,(anonymous_13)
FNDA:0,(anonymous_14)
FNDA:0,(anonymous_15)
FNDA:0,(anonymous_16)
FNDA:0,(anonymous_17)
FNDA:0,(anonymous_18)
FNDA:0,(anonymous_19)
FNDA:0,(anonymous_20)
FNDA:0,(anonymous_21)
FNDA:0,(anonymous_22)
FNDA:0,(anonymous_23)
FNDA:0,(anonymous_24)
FNDA:0,(anonymous_25)
FNDA:0,(anonymous_26)
FNDA:0,(anonymous_27)
FNDA:0,(anonymous_28)
FNDA:0,(anonymous_29)
FNDA:0,(anonymous_30)
FNDA:0,(anonymous_31)
FNDA:0,(anonymous_32)
FNDA:0,(anonymous_33)
FNDA:0,(anonymous_34)
FNDA:0,(anonymous_35)
DA:1,0
DA:2,0
DA:3,0
DA:4,0
DA:6,0
DA:7,0
DA:8,0
DA:14,0
DA:15,0
DA:16,0
DA:18,0
DA:26,0
DA:27,0
DA:29,0
DA:35,0
DA:46,0
DA:47,0
DA:48,0
DA:49,0
DA:51,0
DA:59,0
DA:63,0
DA:65,0
DA:71,0
DA:82,0
DA:83,0
DA:84,0
DA:85,0
DA:87,0
DA:95,0
DA:97,0
DA:98,0
DA:109,0
DA:110,0
DA:120,0
DA:122,0
DA:123,0
DA:134,0
DA:135,0
DA:136,0
DA:138,0
DA:146,0
DA:148,0
DA:149,0
DA:160,0
DA:161,0
DA:162,0
DA:164,0
DA:172,0
DA:174,0
DA:175,0
DA:186,0
DA:187,0
DA:188,0
DA:190,0
DA:198,0
DA:200,0
DA:201,0
DA:212,0
DA:213,0
DA:214,0
DA:216,0
DA:224,0
DA:226,0
DA:227,0
DA:238,0
DA:239,0
DA:240,0
DA:242,0
DA:250,0
DA:252,0
DA:253,0
DA:264,0
DA:265,0
DA:266,0
DA:268,0
DA:276,0
DA:278,0
DA:279,0
DA:290,0
DA:291,0
DA:301,0
DA:303,0
DA:304,0
DA:315,0
DA:316,0
DA:326,0
DA:328,0
DA:329,0
DA:340,0
DA:341,0
DA:351,0
DA:353,0
DA:354,0
DA:365,0
DA:366,0
DA:376,0
DA:378,0
DA:379,0
DA:390,0
DA:391,0
DA:401,0
DA:403,0
DA:404,0
DA:415,0
DA:416,0
DA:426,0
DA:428,0
DA:429,0
DA:440,0
DA:441,0
DA:451,0
DA:453,0
DA:454,0
DA:465,0
DA:466,0
DA:476,0
DA:478,0
DA:479,0
DA:490,0
DA:491,0
DA:501,0
DA:503,0
DA:504,0
DA:515,0
DA:516,0
DA:526,0
DA:528,0
DA:529,0
DA:540,0
DA:541,0
DA:551,0
DA:553,0
DA:554,0
DA:565,0
DA:566,0
DA:576,0
DA:578,0
DA:579,0
DA:590,0
DA:591,0
DA:592,0
DA:593,0
DA:595,0
DA:603,0
DA:605,0
DA:606,0
DA:617,0
DA:618,0
DA:619,0
DA:620,0
DA:622,0
DA:630,0
DA:632,0
DA:633,0
DA:644,0
DA:645,0
DA:655,0
DA:657,0
DA:658,0
DA:669,0
DA:670,0
DA:680,0
DA:682,0
DA:683,0
DA:694,0
DA:695,0
DA:705,0
DA:707,0
DA:708,0
DA:719,0
DA:720,0
DA:730,0
DA:732,0
DA:733,0
DA:744,0
DA:745,0
DA:755,0
DA:757,0
DA:758,0
DA:769,0
DA:770,0
DA:780,0
DA:782,0
DA:783,0
DA:794,0
DA:795,0
DA:805,0
DA:807,0
DA:808,0
DA:819,0
DA:820,0
DA:830,0
DA:832,0
DA:833,0
DA:844,0
DA:845,0
DA:846,0
DA:847,0
DA:848,0
DA:850,0
DA:858,0
DA:860,0
DA:861,0
DA:872,0
DA:873,0
DA:884,0
DA:886,0
DA:887,0
DA:898,0
DA:899,0
DA:903,0
DA:905,0
DA:906,0
LF:214
LH:0
BRDA:21,0,0,0
BRDA:21,0,1,0
BRDA:37,1,0,0
BRDA:37,1,1,0
BRDA:54,2,0,0
BRDA:54,2,1,0
BRDA:73,3,0,0
BRDA:73,3,1,0
BRDA:90,4,0,0
BRDA:90,4,1,0
BRDA:100,5,0,0
BRDA:100,5,1,0
BRDA:115,6,0,0
BRDA:115,6,1,0
BRDA:125,7,0,0
BRDA:125,7,1,0
BRDA:141,8,0,0
BRDA:141,8,1,0
BRDA:151,9,0,0
BRDA:151,9,1,0
BRDA:167,10,0,0
BRDA:167,10,1,0
BRDA:177,11,0,0
BRDA:177,11,1,0
BRDA:193,12,0,0
BRDA:193,12,1,0
BRDA:203,13,0,0
BRDA:203,13,1,0
BRDA:219,14,0,0
BRDA:219,14,1,0
BRDA:229,15,0,0
BRDA:229,15,1,0
BRDA:245,16,0,0
BRDA:245,16,1,0
BRDA:255,17,0,0
BRDA:255,17,1,0
BRDA:271,18,0,0
BRDA:271,18,1,0
BRDA:281,19,0,0
BRDA:281,19,1,0
BRDA:296,20,0,0
BRDA:296,20,1,0
BRDA:306,21,0,0
BRDA:306,21,1,0
BRDA:321,22,0,0
BRDA:321,22,1,0
BRDA:331,23,0,0
BRDA:331,23,1,0
BRDA:346,24,0,0
BRDA:346,24,1,0
BRDA:356,25,0,0
BRDA:356,25,1,0
BRDA:371,26,0,0
BRDA:371,26,1,0
BRDA:381,27,0,0
BRDA:381,27,1,0
BRDA:396,28,0,0
BRDA:396,28,1,0
BRDA:406,29,0,0
BRDA:406,29,1,0
BRDA:421,30,0,0
BRDA:421,30,1,0
BRDA:431,31,0,0
BRDA:431,31,1,0
BRDA:446,32,0,0
BRDA:446,32,1,0
BRDA:456,33,0,0
BRDA:456,33,1,0
BRDA:471,34,0,0
BRDA:471,34,1,0
BRDA:481,35,0,0
BRDA:481,35,1,0
BRDA:496,36,0,0
BRDA:496,36,1,0
BRDA:506,37,0,0
BRDA:506,37,1,0
BRDA:521,38,0,0
BRDA:521,38,1,0
BRDA:531,39,0,0
BRDA:531,39,1,0
BRDA:546,40,0,0
BRDA:546,40,1,0
BRDA:556,41,0,0
BRDA:556,41,1,0
BRDA:571,42,0,0
BRDA:571,42,1,0
BRDA:581,43,0,0
BRDA:581,43,1,0
BRDA:598,44,0,0
BRDA:598,44,1,0
BRDA:608,45,0,0
BRDA:608,45,1,0
BRDA:625,46,0,0
BRDA:625,46,1,0
BRDA:635,47,0,0
BRDA:635,47,1,0
BRDA:650,48,0,0
BRDA:650,48,1,0
BRDA:660,49,0,0
BRDA:660,49,1,0
BRDA:675,50,0,0
BRDA:675,50,1,0
BRDA:685,51,0,0
BRDA:685,51,1,0
BRDA:700,52,0,0
BRDA:700,52,1,0
BRDA:710,53,0,0
BRDA:710,53,1,0
BRDA:725,54,0,0
BRDA:725,54,1,0
BRDA:735,55,0,0
BRDA:735,55,1,0
BRDA:750,56,0,0
BRDA:750,56,1,0
BRDA:760,57,0,0
BRDA:760,57,1,0
BRDA:775,58,0,0
BRDA:775,58,1,0
BRDA:785,59,0,0
BRDA:785,59,1,0
BRDA:800,60,0,0
BRDA:800,60,1,0
BRDA:810,61,0,0
BRDA:810,61,1,0
BRDA:825,62,0,0
BRDA:825,62,1,0
BRDA:835,63,0,0
BRDA:835,63,1,0
BRDA:853,64,0,0
BRDA:853,64,1,0
BRDA:863,65,0,0
BRDA:863,65,1,0
BRDA:871,66,0,0
BRDA:879,67,0,0
BRDA:879,67,1,0
BRDA:889,68,0,0
BRDA:889,68,1,0
BRDA:908,69,0,0
BRDA:908,69,1,0
BRF:139
BRH:0
end_of_record
TN:
SF:src/services/pdfService.ts
FN:24,(anonymous_1)
FN:103,(anonymous_2)
FN:143,(anonymous_3)
FN:182,(anonymous_4)
FN:247,(anonymous_5)
FNF:5
FNH:0
FNDA:0,(anonymous_1)
FNDA:0,(anonymous_2)
FNDA:0,(anonymous_3)
FNDA:0,(anonymous_4)
FNDA:0,(anonymous_5)
DA:1,0
DA:2,0
DA:3,0
DA:4,0
DA:20,0
DA:25,0
DA:26,0
DA:28,0
DA:29,0
DA:38,0
DA:41,0
DA:44,0
DA:45,0
DA:51,0
DA:58,0
DA:60,0
DA:62,0
DA:73,0
DA:82,0
DA:83,0
DA:93,0
DA:104,0
DA:105,0
DA:111,0
DA:117,0
DA:119,0
DA:126,0
DA:129,0
DA:136,0
DA:144,0
DA:145,0
DA:151,0
DA:157,0
DA:165,0
DA:168,0
DA:175,0
DA:183,0
DA:184,0
DA:191,0
DA:192,0
DA:196,0
DA:218,0
DA:220,0
DA:221,0
DA:224,0
DA:230,0
DA:233,0
DA:240,0
DA:248,0
DA:249,0
DA:254,0
DA:255,0
DA:258,0
DA:259,0
DA:263,0
DA:264,0
DA:267,0
DA:270,0
DA:276,0
LF:59
LH:0
BRDA:44,0,0,0
BRDA:95,1,0,0
BRDA:95,1,1,0
BRDA:192,2,0,0
BRDA:192,2,1,0
BRDA:220,3,0,0
BRDA:255,4,0,0
BRDA:255,4,1,0
BRDA:258,5,0,0
BRDA:263,6,0,0
BRF:10
BRH:0
end_of_record
TN:
SF:src/services/pushNotificationService.ts
FN:33,(anonymous_0)
FN:40,(anonymous_1)
FN:48,(anonymous_2)
FN:67,(anonymous_3)
FN:89,(anonymous_4)
FN:131,(anonymous_5)
FN:137,(anonymous_6)
FN:144,(anonymous_7)
FN:180,(anonymous_8)
FN:192,(anonymous_9)
FN:203,(anonymous_10)
FN:215,(anonymous_11)
FN:229,(anonymous_12)
FN:240,(anonymous_13)
FN:251,(anonymous_14)
FN:291,(anonymous_15)
FN:309,(anonymous_16)
FN:318,(anonymous_17)
FN:331,(anonymous_18)
FN:340,(anonymous_19)
FN:353,(anonymous_20)
FN:361,(anonymous_21)
FN:374,(anonymous_22)
FN:405,(anonymous_23)
FN:421,(anonymous_24)
FN:439,(anonymous_25)
FN:448,(anonymous_26)
FN:456,(anonymous_27)
FN:463,(anonymous_28)
FN:477,(anonymous_29)
FN:490,(anonymous_30)
FNF:31
FNH:0
FNDA:0,(anonymous_0)
FNDA:0,(anonymous_1)
FNDA:0,(anonymous_2)
FNDA:0,(anonymous_3)
FNDA:0,(anonymous_4)
FNDA:0,(anonymous_5)
FNDA:0,(anonymous_6)
FNDA:0,(anonymous_7)
FNDA:0,(anonymous_8)
FNDA:0,(anonymous_9)
FNDA:0,(anonymous_10)
FNDA:0,(anonymous_11)
FNDA:0,(anonymous_12)
FNDA:0,(anonymous_13)
FNDA:0,(anonymous_14)
FNDA:0,(anonymous_15)
FNDA:0,(anonymous_16)
FNDA:0,(anonymous_17)
FNDA:0,(anonymous_18)
FNDA:0,(anonymous_19)
FNDA:0,(anonymous_20)
FNDA:0,(anonymous_21)
FNDA:0,(anonymous_22)
FNDA:0,(anonymous_23)
FNDA:0,(anonymous_24)
FNDA:0,(anonymous_25)
FNDA:0,(anonymous_26)
FNDA:0,(anonymous_27)
FNDA:0,(anonymous_28)
FNDA:0,(anonymous_29)
FNDA:0,(anonymous_30)
DA:1,0
DA:2,0
DA:3,0
DA:31,0
DA:34,0
DA:41,0
DA:42,0
DA:44,0
DA:49,0
DA:50,0
DA:51,0
DA:54,0
DA:56,0
DA:58,0
DA:59,0
DA:61,0
DA:62,0
DA:68,0
DA:70,0
DA:77,0
DA:80,0
DA:81,0
DA:82,0
DA:84,0
DA:93,0
DA:94,0
DA:95,0
DA:98,0
DA:110,0
DA:111,0
DA:113,0
DA:114,0
DA:117,0
DA:123,0
DA:125,0
DA:126,0
DA:135,0
DA:137,0
DA:139,0
DA:140,0
DA:144,0
DA:157,0
DA:158,0
DA:159,0
DA:161,0
DA:162,0
DA:163,0
DA:166,0
DA:172,0
DA:174,0
DA:175,0
DA:184,0
DA:185,0
DA:187,0
DA:188,0
DA:189,0
DA:192,0
DA:193,0
DA:195,0
DA:197,0
DA:198,0
DA:207,0
DA:208,0
DA:210,0
DA:211,0
DA:212,0
DA:215,0
DA:216,0
DA:218,0
DA:223,0
DA:224,0
DA:232,0
DA:233,0
DA:235,0
DA:236,0
DA:237,0
DA:240,0
DA:241,0
DA:243,0
DA:245,0
DA:246,0
DA:257,0
DA:258,0
DA:259,0
DA:262,0
DA:273,0
DA:275,0
DA:277,0
DA:278,0
DA:281,0
DA:282,0
DA:285,0
DA:286,0
DA:295,0
DA:296,0
DA:298,0
DA:299,0
DA:300,0
DA:303,0
DA:304,0
DA:310,0
DA:311,0
DA:312,0
DA:313,0
DA:318,0
DA:325,0
DA:326,0
DA:332,0
DA:333,0
DA:334,0
DA:335,0
DA:340,0
DA:347,0
DA:348,0
DA:354,0
DA:355,0
DA:356,0
DA:357,0
DA:361,0
DA:368,0
DA:369,0
DA:378,0
DA:379,0
DA:380,0
DA:381,0
DA:387,0
DA:388,0
DA:391,0
DA:392,0
DA:399,0
DA:400,0
DA:406,0
DA:407,0
DA:408,0
DA:409,0
DA:415,0
DA:416,0
DA:425,0
DA:426,0
DA:427,0
DA:428,0
DA:433,0
DA:434,0
DA:440,0
DA:441,0
DA:442,0
DA:444,0
DA:453,0
DA:454,0
DA:456,0
DA:457,0
DA:458,0
DA:461,0
DA:463,0
DA:467,0
DA:468,0
DA:478,0
DA:479,0
DA:480,0
DA:482,0
DA:483,0
DA:484,0
DA:489,0
DA:490,0
DA:491,0
DA:494,0
DA:496,0
DA:498,0
DA:503,0
LF:169
LH:0
BRDA:41,0,0,0
BRDA:49,1,0,0
BRDA:80,2,0,0
BRDA:80,3,0,0
BRDA:80,3,1,0
BRDA:94,4,0,0
BRDA:102,5,0,0
BRDA:102,5,1,0
BRDA:103,6,0,0
BRDA:103,6,1,0
BRDA:105,7,0,0
BRDA:105,7,1,0
BRDA:113,8,0,0
BRDA:139,9,0,0
BRDA:148,10,0,0
BRDA:148,10,1,0
BRDA:149,11,0,0
BRDA:149,11,1,0
BRDA:151,12,0,0
BRDA:151,12,1,0
BRDA:187,13,0,0
BRDA:210,14,0,0
BRDA:235,15,0,0
BRDA:258,16,0,0
BRDA:275,17,0,0
BRDA:275,17,1,0
BRDA:298,18,0,0
BRDA:387,19,0,0
BRDA:457,20,0,0
BRDA:457,20,1,0
BRDA:477,21,0,0
BRF:31
BRH:0
end_of_record
TN:
SF:src/services/sessionService.ts
FN:13,(anonymous_0)
FN:107,(anonymous_1)
FN:153,(anonymous_2)
FN:162,(anonymous_3)
FN:171,(anonymous_4)
FN:426,(anonymous_5)
FN:442,(anonymous_6)
FN:451,(anonymous_7)
FN:463,(anonymous_8)
FN:472,(anonymous_9)
FN:486,(anonymous_10)
FNF:11
FNH:0
FNDA:0,(anonymous_0)
FNDA:0,(anonymous_1)
FNDA:0,(anonymous_2)
FNDA:0,(anonymous_3)
FNDA:0,(anonymous_4)
FNDA:0,(anonymous_5)
FNDA:0,(anonymous_6)
FNDA:0,(anonymous_7)
FNDA:0,(anonymous_8)
FNDA:0,(anonymous_9)
FNDA:0,(anonymous_10)
DA:1,1
DA:2,1
DA:3,1
DA:5,1
DA:6,1
DA:7,1
DA:9,1
DA:20,0
DA:21,0
DA:23,0
DA:33,0
DA:34,0
DA:35,0
DA:36,0
DA:37,0
DA:38,0
DA:40,0
DA:52,0
DA:64,0
DA:66,0
DA:74,0
DA:75,0
DA:76,0
DA:78,0
DA:79,0
DA:92,0
DA:108,0
DA:110,0
DA:116,0
DA:118,0
DA:119,0
DA:124,0
DA:127,0
DA:128,0
DA:144,0
DA:154,0
DA:155,0
DA:162,0
DA:176,0
DA:177,0
DA:179,0
DA:188,0
DA:190,0
DA:191,0
DA:196,0
DA:199,0
DA:211,0
DA:212,0
DA:218,0
DA:222,0
DA:226,0
DA:228,0
DA:229,0
DA:237,0
DA:239,0
DA:240,0
DA:249,0
DA:250,0
DA:260,0
DA:261,0
DA:262,0
DA:264,0
DA:277,0
DA:278,0
DA:289,0
DA:292,0
DA:293,0
DA:304,0
DA:316,0
DA:317,0
DA:324,0
DA:327,0
DA:336,0
DA:337,0
DA:338,0
DA:346,0
DA:347,0
DA:350,0
DA:358,0
DA:359,0
DA:360,0
DA:361,0
DA:363,0
DA:374,0
DA:380,0
DA:388,0
DA:389,0
DA:390,0
DA:392,0
DA:393,0
DA:406,0
DA:427,0
DA:428,0
DA:429,0
DA:432,0
DA:436,0
DA:443,0
DA:444,0
DA:450,0
DA:451,0
DA:452,0
DA:455,0
DA:456,0
DA:464,0
DA:465,0
DA:471,0
DA:472,0
DA:473,0
DA:476,0
DA:477,0
DA:480,0
DA:490,0
DA:492,0
DA:505,0
LF:114
LH:7
BRDA:29,0,0,0
BRDA:29,0,1,0
BRDA:118,1,0,0
BRDA:133,2,0,0
BRDA:133,2,1,0
BRDA:190,3,0,0
BRDA:211,4,0,0
BRDA:226,5,0,0
BRDA:226,5,1,0
BRDA:226,6,0,0
BRDA:226,6,1,0
BRDA:226,6,2,0
BRDA:237,7,0,0
BRDA:237,7,1,0
BRDA:277,8,0,0
BRDA:277,9,0,0
BRDA:277,9,1,0
BRDA:292,10,0,0
BRDA:316,11,0,0
BRDA:316,12,0,0
BRDA:316,12,1,0
BRDA:337,13,0,0
BRDA:428,14,0,0
BRDA:428,15,0,0
BRDA:428,15,1,0
BRDA:455,16,0,0
BRDA:476,17,0,0
BRF:27
BRH:0
end_of_record
TN:
SF:src/services/tokenService.ts
FN:14,(anonymous_0)
FN:34,(anonymous_1)
FN:88,(anonymous_2)
FN:101,(anonymous_3)
FN:204,(anonymous_4)
FN:216,(anonymous_5)
FNF:6
FNH:0
FNDA:0,(anonymous_0)
FNDA:0,(anonymous_1)
FNDA:0,(anonymous_2)
FNDA:0,(anonymous_3)
FNDA:0,(anonymous_4)
FNDA:0,(anonymous_5)
DA:1,1
DA:2,1
DA:3,1
DA:4,1
DA:6,1
DA:8,1
DA:9,1
DA:15,0
DA:20,0
DA:22,0
DA:28,0
DA:39,0
DA:40,0
DA:41,0
DA:42,0
DA:44,0
DA:57,0
DA:71,0
DA:82,0
DA:89,0
DA:90,0
DA:92,0
DA:93,0
DA:101,0
DA:105,0
DA:106,0
DA:107,0
DA:108,0
DA:109,0
DA:110,0
DA:111,0
DA:113,0
DA:132,0
DA:141,0
DA:159,0
DA:165,0
DA:166,0
DA:180,0
DA:182,0
DA:183,0
DA:197,0
DA:205,0
DA:206,0
DA:207,0
DA:209,0
DA:217,0
DA:218,0
LF:47
LH:7
BRDA:42,0,0,0
BRDA:42,0,1,0
BRDA:108,1,0,0
BRDA:135,2,0,0
BRDA:135,2,1,0
BRDA:148,3,0,0
BRDA:148,3,1,0
BRDA:174,4,0,0
BRDA:174,4,1,0
BRDA:175,5,0,0
BRDA:175,5,1,0
BRDA:186,6,0,0
BRDA:186,6,1,0
BRF:13
BRH:0
end_of_record
TN:
SF:src/services/userService.ts
FN:12,(anonymous_1)
FN:55,(anonymous_2)
FN:96,(anonymous_3)
FN:137,(anonymous_4)
FN:159,(anonymous_5)
FN:175,(anonymous_6)
FN:182,(anonymous_7)
FN:192,(anonymous_8)
FN:217,(anonymous_9)
FN:229,(anonymous_10)
FN:239,(anonymous_11)
FNF:11
FNH:0
FNDA:0,(anonymous_1)
FNDA:0,(anonymous_2)
FNDA:0,(anonymous_3)
FNDA:0,(anonymous_4)
FNDA:0,(anonymous_5)
FNDA:0,(anonymous_6)
FNDA:0,(anonymous_7)
FNDA:0,(anonymous_8)
FNDA:0,(anonymous_9)
FNDA:0,(anonymous_10)
FNDA:0,(anonymous_11)
DA:1,1
DA:2,1
DA:4,1
DA:5,1
DA:6,1
DA:8,1
DA:13,0
DA:14,0
DA:15,0
DA:16,0
DA:20,0
DA:21,0
DA:28,0
DA:30,0
DA:31,0
DA:34,0
DA:44,0
DA:46,0
DA:56,0
DA:57,0
DA:58,0
DA:62,0
DA:63,0
DA:69,0
DA:71,0
DA:72,0
DA:75,0
DA:85,0
DA:87,0
DA:97,0
DA:98,0
DA:99,0
DA:103,0
DA:104,0
DA:110,0
DA:112,0
DA:113,0
DA:116,0
DA:126,0
DA:128,0
DA:138,0
DA:139,0
DA:145,0
DA:146,0
DA:149,0
DA:150,0
DA:160,0
DA:162,0
DA:163,0
DA:166,0
DA:176,0
DA:183,0
DA:184,0
DA:186,0
DA:193,0
DA:194,0
DA:196,0
DA:198,0
DA:199,0
DA:205,0
DA:206,0
DA:207,0
DA:208,0
DA:211,0
DA:218,0
DA:230,0
DA:240,0
DA:241,0
LF:68
LH:6
BRDA:14,0,0,0
BRDA:14,0,1,0
BRDA:24,1,0,0
BRDA:24,1,1,0
BRDA:66,2,0,0
BRDA:66,2,1,0
BRDA:78,3,0,0
BRDA:78,3,1,0
BRDA:107,4,0,0
BRDA:107,4,1,0
BRDA:119,5,0,0
BRDA:119,5,1,0
BRDA:145,6,0,0
BRDA:162,7,0,0
BRDA:183,8,0,0
BRDA:196,9,0,0
BRDA:205,10,0,0
BRF:17
BRH:0
end_of_record
TN:
SF:src/services/websocketService.ts
FN:36,(anonymous_0)
FN:50,(anonymous_1)
FN:52,(anonymous_2)
FN:88,(anonymous_3)
FN:98,(anonymous_4)
FN:108,(anonymous_5)
FN:109,(anonymous_6)
FN:137,(anonymous_7)
FN:151,(anonymous_8)
FN:157,(anonymous_9)
FN:159,(anonymous_10)
FN:182,(anonymous_11)
FN:205,(anonymous_12)
FN:241,(anonymous_13)
FN:242,(anonymous_14)
FN:256,(anonymous_15)
FN:271,(anonymous_16)
FN:273,(anonymous_17)
FN:284,(anonymous_18)
FN:296,(anonymous_19)
FN:303,(anonymous_20)
FN:307,(anonymous_21)
FN:311,(anonymous_22)
FN:315,(anonymous_23)
FN:319,(anonymous_24)
FN:327,(anonymous_25)
FN:334,(anonymous_26)
FNF:27
FNH:0
FNDA:0,(anonymous_0)
FNDA:0,(anonymous_1)
FNDA:0,(anonymous_2)
FNDA:0,(anonymous_3)
FNDA:0,(anonymous_4)
FNDA:0,(anonymous_5)
FNDA:0,(anonymous_6)
FNDA:0,(anonymous_7)
FNDA:0,(anonymous_8)
FNDA:0,(anonymous_9)
FNDA:0,(anonymous_10)
FNDA:0,(anonymous_11)
FNDA:0,(anonymous_12)
FNDA:0,(anonymous_13)
FNDA:0,(anonymous_14)
FNDA:0,(anonymous_15)
FNDA:0,(anonymous_16)
FNDA:0,(anonymous_17)
FNDA:0,(anonymous_18)
FNDA:0,(anonymous_19)
FNDA:0,(anonymous_20)
FNDA:0,(anonymous_21)
FNDA:0,(anonymous_22)
FNDA:0,(anonymous_23)
FNDA:0,(anonymous_24)
FNDA:0,(anonymous_25)
FNDA:0,(anonymous_26)
DA:1,0
DA:3,0
DA:4,0
DA:5,0
DA:7,0
DA:31,0
DA:33,0
DA:34,0
DA:37,0
DA:46,0
DA:47,0
DA:52,0
DA:53,0
DA:54,0
DA:56,0
DA:57,0
DA:61,0
DA:63,0
DA:64,0
DA:68,0
DA:70,0
DA:71,0
DA:74,0
DA:80,0
DA:82,0
DA:83,0
DA:89,0
DA:90,0
DA:91,0
DA:93,0
DA:94,0
DA:99,0
DA:100,0
DA:101,0
DA:103,0
DA:104,0
DA:109,0
DA:110,0
DA:111,0
DA:113,0
DA:116,0
DA:122,0
DA:125,0
DA:128,0
DA:131,0
DA:134,0
DA:137,0
DA:138,0
DA:140,0
DA:141,0
DA:144,0
DA:151,0
DA:152,0
DA:159,0
DA:160,0
DA:161,0
DA:162,0
DA:164,0
DA:170,0
DA:176,0
DA:177,0
DA:182,0
DA:183,0
DA:184,0
DA:185,0
DA:187,0
DA:193,0
DA:199,0
DA:200,0
DA:205,0
DA:206,0
DA:207,0
DA:208,0
DA:210,0
DA:220,0
DA:223,0
DA:229,0
DA:235,0
DA:236,0
DA:242,0
DA:243,0
DA:244,0
DA:246,0
DA:253,0
DA:256,0
DA:257,0
DA:258,0
DA:260,0
DA:267,0
DA:273,0
DA:274,0
DA:277,0
DA:284,0
DA:285,0
DA:288,0
DA:297,0
DA:298,0
DA:299,0
DA:304,0
DA:308,0
DA:312,0
DA:316,0
DA:320,0
DA:325,0
DA:327,0
DA:328,0
DA:329,0
DA:331,0
DA:334,0
DA:335,0
LF:110
LH:0
BRDA:39,0,0,0
BRDA:39,0,1,0
BRDA:54,1,0,0
BRDA:54,1,1,0
BRDA:56,2,0,0
BRDA:63,3,0,0
BRDA:70,4,0,0
BRDA:111,5,0,0
BRDA:111,5,1,0
BRDA:207,6,0,0
BRDA:298,7,0,0
BRDA:328,8,0,0
BRF:12
BRH:0
end_of_record
TN:
SF:src/utils/logger.ts
FN:12,(anonymous_1)
FN:17,(anonymous_2)
FN:26,(anonymous_3)
FN:30,(anonymous_4)
FN:77,(anonymous_5)
FN:96,(anonymous_6)
FN:113,(anonymous_7)
FN:122,(anonymous_8)
FN:132,(anonymous_9)
FN:141,(anonymous_10)
FNF:10
FNH:1
FNDA:18,(anonymous_1)
FNDA:0,(anonymous_2)
FNDA:0,(anonymous_3)
FNDA:0,(anonymous_4)
FNDA:0,(anonymous_5)
FNDA:0,(anonymous_6)
FNDA:0,(anonymous_7)
FNDA:0,(anonymous_8)
FNDA:0,(anonymous_9)
FNDA:0,(anonymous_10)
DA:1,1
DA:3,1
DA:4,1
DA:5,1
DA:8,1
DA:13,18
DA:17,0
DA:26,0
DA:30,0
DA:40,1
DA:53,1
DA:60,1
DA:74,1
DA:77,1
DA:78,0
DA:81,0
DA:84,0
DA:85,0
DA:88,0
DA:95,0
DA:96,0
DA:97,0
DA:99,0
DA:106,0
DA:109,0
DA:113,1
DA:114,0
DA:122,1
DA:123,0
DA:132,1
DA:133,0
DA:141,1
DA:142,0
LF:33
LH:15
BRDA:9,0,0,1
BRDA:9,0,1,1
BRDA:9,1,0,0
BRDA:9,1,1,1
BRDA:74,2,0,0
BRDA:74,2,1,1
BRDA:74,3,0,0
BRDA:74,3,1,1
BRDA:81,4,0,0
BRDA:81,4,1,0
BRF:10
BRH:5
end_of_record
TN:
SF:src/utils/sentry.ts
FN:6,(anonymous_9)
FN:21,(anonymous_10)
FN:34,(anonymous_11)
FN:35,(anonymous_12)
FN:43,(anonymous_13)
FN:44,(anonymous_14)
FN:52,(anonymous_15)
FN:56,(anonymous_16)
FN:66,(anonymous_17)
FN:70,(anonymous_18)
FN:75,(anonymous_19)
FN:76,(anonymous_20)
FN:79,(anonymous_21)
FN:96,(anonymous_22)
FN:97,(anonymous_23)
FN:107,(anonymous_24)
FN:108,(anonymous_25)
FN:109,(anonymous_26)
FNF:18
FNH:0
FNDA:0,(anonymous_9)
FNDA:0,(anonymous_10)
FNDA:0,(anonymous_11)
FNDA:0,(anonymous_12)
FNDA:0,(anonymous_13)
FNDA:0,(anonymous_14)
FNDA:0,(anonymous_15)
FNDA:0,(anonymous_16)
FNDA:0,(anonymous_17)
FNDA:0,(anonymous_18)
FNDA:0,(anonymous_19)
FNDA:0,(anonymous_20)
FNDA:0,(anonymous_21)
FNDA:0,(anonymous_22)
FNDA:0,(anonymous_23)
FNDA:0,(anonymous_24)
FNDA:0,(anonymous_25)
FNDA:0,(anonymous_26)
DA:1,0
DA:2,0
DA:3,0
DA:4,0
DA:6,0
DA:7,0
DA:23,0
DA:24,0
DA:26,0
DA:27,0
DA:29,0
DA:34,0
DA:35,0
DA:36,0
DA:37,0
DA:39,0
DA:43,0
DA:44,0
DA:45,0
DA:46,0
DA:48,0
DA:52,0
DA:53,0
DA:56,0
DA:57,0
DA:66,0
DA:67,0
DA:70,0
DA:71,0
DA:75,0
DA:76,0
DA:79,0
DA:81,0
DA:85,0
DA:96,0
DA:97,0
DA:98,0
DA:99,0
DA:100,0
DA:102,0
DA:107,0
DA:108,0
DA:109,0
LF:43
LH:0
BRDA:9,0,0,0
BRDA:9,0,1,0
BRDA:10,1,0,0
BRDA:10,1,1,0
BRDA:11,2,0,0
BRDA:11,2,1,0
BRDA:23,3,0,0
BRDA:26,4,0,0
BRDA:36,5,0,0
BRDA:43,6,0,0
BRDA:45,7,0,0
BRDA:56,8,0,0
BRDA:99,9,0,0
BRF:13
BRH:0
end_of_record
TN:
SF:src/validation/schemas.ts
FN:235,(anonymous_1)
FN:236,(anonymous_2)
FN:246,(anonymous_3)
FN:278,(anonymous_4)
FN:284,(anonymous_5)
FN:294,(anonymous_6)
FN:301,(anonymous_7)
FN:307,(anonymous_8)
FN:312,(anonymous_9)
FN:317,(anonymous_10)
FN:321,(anonymous_11)
FN:330,(anonymous_12)
FNF:12
FNH:0
FNDA:0,(anonymous_1)
FNDA:0,(anonymous_2)
FNDA:0,(anonymous_3)
FNDA:0,(anonymous_4)
FNDA:0,(anonymous_5)
FNDA:0,(anonymous_6)
FNDA:0,(anonymous_7)
FNDA:0,(anonymous_8)
FNDA:0,(anonymous_9)
FNDA:0,(anonymous_10)
FNDA:0,(anonymous_11)
FNDA:0,(anonymous_12)
DA:1,0
DA:3,0
DA:6,0
DA:49,0
DA:100,0
DA:141,0
DA:171,0
DA:204,0
DA:221,0
DA:235,0
DA:236,0
DA:237,0
DA:239,0
DA:245,0
DA:246,0
DA:252,0
DA:260,0
DA:272,0
DA:273,0
DA:278,0
DA:279,0
DA:280,0
DA:281,0
DA:284,0
DA:285,0
DA:289,0
DA:291,0
DA:292,0
DA:294,0
DA:298,0
DA:301,0
DA:302,0
DA:303,0
DA:304,0
DA:307,0
DA:308,0
DA:309,0
DA:312,0
DA:313,0
DA:317,0
DA:318,0
DA:321,0
DA:322,0
DA:330,0
DA:331,0
DA:332,0
DA:335,0
DA:336,0
DA:339,0
DA:340,0
DA:341,0
DA:342,0
DA:343,0
DA:346,0
DA:349,0
DA:353,0
LF:56
LH:0
BRDA:235,0,0,0
BRDA:245,1,0,0
BRDA:291,2,0,0
BRDA:309,3,0,0
BRDA:309,3,1,0
BRDA:331,4,0,0
BRDA:335,5,0,0
BRDA:339,6,0,0
BRDA:339,7,0,0
BRDA:339,7,1,0
BRDA:342,8,0,0
BRF:11
BRH:0
end_of_record
